Log file open, 01/20/20 19:55:38
LogWindows: Failed to load 'aqProf.dll' (GetLastError=126)
LogWindows: File 'aqProf.dll' does not exist
LogWindows: Failed to load 'VtuneApi.dll' (GetLastError=126)
LogWindows: File 'VtuneApi.dll' does not exist
LogWindows: Failed to load 'VtuneApi32e.dll' (GetLastError=126)
LogWindows: File 'VtuneApi32e.dll' does not exist
LogInit: Display: Running engine for game: LabyrinthGame
LogPlatformFile: Not using cached read wrapper
LogInit: Display: RandInit(616414019) SRandInit(616414019).
LogInit: Read version file with build ID '3944462'
LogInit: Overriding engine version to CL 4033788, compatible CL 3944462
LogInit: Registered custom module enumerator with build ID '3944462'
LogTaskGraph: Started task graph with 5 named threads and 11 total threads with 3 sets of task threads.
LogStats: Stats thread started at 0.155536
LogD3D11RHI: Aftermath initialized
LogICUInternationalization: Display: ICU TimeZone Detection - Raw Offset: +0:00, Platform Override: ''
LogModuleManager: Display: Found up-to-date module file ../../../Engine/Plugins/2D/Paper2D/Binaries/Win64/UE4Editor-Paper2D.dll (API version 3944462).
LogModuleManager: Display: Found up-to-date module file ../../../Engine/Plugins/2D/Paper2D/Binaries/Win64/UE4Editor-Paper2DEditor.dll (API version 3944462).
LogModuleManager: Display: Found up-to-date module file ../../../Engine/Plugins/2D/Paper2D/Binaries/Win64/UE4Editor-PaperSpriteSheetImporter.dll (API version 3944462).
LogModuleManager: Display: Found up-to-date module file ../../../Engine/Plugins/2D/Paper2D/Binaries/Win64/UE4Editor-PaperTiledImporter.dll (API version 3944462).
LogModuleManager: Display: Found up-to-date module file ../../../Engine/Plugins/2D/Paper2D/Binaries/Win64/UE4Editor-SmartSnapping.dll (API version 3944462).
LogModuleManager: Display: Found up-to-date module file ../../../Engine/Plugins/Blendables/LightPropagationVolume/Binaries/Win64/UE4Editor-LightPropagationVolumeRuntime.dll (API version 3944462).
LogModuleManager: Display: Found up-to-date module file ../../../Engine/Plugins/Blendables/LightPropagationVolume/Binaries/Win64/UE4Editor-LightPropagationVolumeEditor.dll (API version 3944462).
LogModuleManager: Display: Found up-to-date module file ../../../Engine/Plugins/Developer/CLionSourceCodeAccess/Binaries/Win64/UE4Editor-CLionSourceCodeAccess.dll (API version 3944462).
LogModuleManager: Display: Found up-to-date module file ../../../Engine/Plugins/Developer/GitSourceControl/Binaries/Win64/UE4Editor-GitSourceControl.dll (API version 3944462).
LogModuleManager: Display: Found up-to-date module file ../../../Engine/Plugins/Developer/PerforceSourceControl/Binaries/Win64/UE4Editor-PerforceSourceControl.dll (API version 3944462).
LogModuleManager: Display: Found up-to-date module file ../../../Engine/Plugins/Developer/SubversionSourceControl/Binaries/Win64/UE4Editor-SubversionSourceControl.dll (API version 3944462).
LogModuleManager: Display: Found up-to-date module file ../../../Engine/Plugins/Developer/UObjectPlugin/Binaries/Win64/UE4Editor-UObjectPlugin.dll (API version 3944462).
LogModuleManager: Display: Found up-to-date module file ../../../Engine/Plugins/Developer/VisualStudioCodeSourceCodeAccess/Binaries/Win64/UE4Editor-VisualStudioCodeSourceCodeAccess.dll (API version 3944462).
LogModuleManager: Display: Found up-to-date module file ../../../Engine/Plugins/Developer/VisualStudioSourceCodeAccess/Binaries/Win64/UE4Editor-VisualStudioSourceCodeAccess.dll (API version 3944462).
LogModuleManager: Display: Found up-to-date module file ../../../Engine/Plugins/Editor/AssetManagerEditor/Binaries/Win64/UE4Editor-AssetManagerEditor.dll (API version 3944462).
LogModuleManager: Display: Found up-to-date module file ../../../Engine/Plugins/Editor/CryptoKeys/Binaries/Win64/UE4Editor-CryptoKeys.dll (API version 3944462).
LogModuleManager: Display: Found up-to-date module file ../../../Engine/Plugins/Editor/CryptoKeys/Binaries/Win64/UE4Editor-CryptoKeysOpenSSL.dll (API version 3944462).
LogModuleManager: Display: Found up-to-date module file ../../../Engine/Plugins/Editor/DataValidation/Binaries/Win64/UE4Editor-DataValidation.dll (API version 3944462).
LogModuleManager: Display: Found up-to-date module file ../../../Engine/Plugins/Editor/FacialAnimation/Binaries/Win64/UE4Editor-FacialAnimation.dll (API version 3944462).
LogModuleManager: Display: Found up-to-date module file ../../../Engine/Plugins/Editor/FacialAnimation/Binaries/Win64/UE4Editor-FacialAnimationEditor.dll (API version 3944462).
LogModuleManager: Display: Found up-to-date module file ../../../Engine/Plugins/Editor/GameplayTagsEditor/Binaries/Win64/UE4Editor-GameplayTagsEditor.dll (API version 3944462).
LogModuleManager: Display: Found up-to-date module file ../../../Engine/Plugins/Editor/MobileLauncherProfileWizard/Binaries/Win64/UE4Editor-MobileLauncherProfileWizard.dll (API version 3944462).
LogModuleManager: Display: Found up-to-date module file ../../../Engine/Plugins/Editor/PluginBrowser/Binaries/Win64/UE4Editor-PluginBrowser.dll (API version 3944462).
LogModuleManager: Display: Found up-to-date module file ../../../Engine/Plugins/Editor/SpeedTreeImporter/Binaries/Win64/UE4Editor-SpeedTreeImporter.dll (API version 3944462).
LogModuleManager: Display: Found up-to-date module file ../../../Engine/Plugins/Enterprise/DatasmithContent/Binaries/Win64/UE4Editor-DatasmithContent.dll (API version 3944462).
LogModuleManager: Display: Found up-to-date module file ../../../Engine/Plugins/Experimental/AlembicImporter/Binaries/Win64/UE4Editor-AlembicImporter.dll (API version 3944462).
LogModuleManager: Display: Found up-to-date module file ../../../Engine/Plugins/Experimental/AlembicImporter/Binaries/Win64/UE4Editor-AlembicLibrary.dll (API version 3944462).
LogModuleManager: Display: Found up-to-date module file ../../../Engine/Plugins/Experimental/CharacterAI/Binaries/Win64/UE4Editor-CharacterAI.dll (API version 3944462).
LogModuleManager: Display: Found up-to-date module file ../../../Engine/Plugins/Experimental/HTML5Networking/Binaries/Win64/UE4Editor-HTML5Networking.dll (API version 3944462).
LogModuleManager: Display: Found up-to-date module file ../../../Engine/Plugins/Media/AndroidMedia/Binaries/Win64/UE4Editor-AndroidMediaEditor.dll (API version 3944462).
LogModuleManager: Display: Found up-to-date module file ../../../Engine/Plugins/Media/AndroidMedia/Binaries/Win64/UE4Editor-AndroidMediaFactory.dll (API version 3944462).
LogModuleManager: Display: Found up-to-date module file ../../../Engine/Plugins/Media/AvfMedia/Binaries/Win64/UE4Editor-AvfMediaEditor.dll (API version 3944462).
LogModuleManager: Display: Found up-to-date module file ../../../Engine/Plugins/Media/AvfMedia/Binaries/Win64/UE4Editor-AvfMediaFactory.dll (API version 3944462).
LogModuleManager: Display: Found up-to-date module file ../../../Engine/Plugins/Media/AvfMedia/Binaries/Win64/UE4Editor-AvfMediaFactory.dll (API version 3944462).
LogModuleManager: Display: Found up-to-date module file ../../../Engine/Plugins/Media/ImgMedia/Binaries/Win64/UE4Editor-ImgMedia.dll (API version 3944462).
LogModuleManager: Display: Found up-to-date module file ../../../Engine/Plugins/Media/ImgMedia/Binaries/Win64/UE4Editor-ImgMediaEditor.dll (API version 3944462).
LogModuleManager: Display: Found up-to-date module file ../../../Engine/Plugins/Media/ImgMedia/Binaries/Win64/UE4Editor-ImgMediaFactory.dll (API version 3944462).
LogModuleManager: Display: Found up-to-date module file ../../../Engine/Plugins/Media/ImgMedia/Binaries/Win64/UE4Editor-ImgMediaFactory.dll (API version 3944462).
LogModuleManager: Display: Found up-to-date module file ../../../Engine/Plugins/Media/ImgMedia/Binaries/Win64/UE4Editor-OpenExrWrapper.dll (API version 3944462).
LogModuleManager: Display: Found up-to-date module file ../../../Engine/Plugins/Media/LinearTimecode/Binaries/Win64/UE4Editor-LinearTimecode.dll (API version 3944462).
LogModuleManager: Display: Found up-to-date module file ../../../Engine/Plugins/Media/MediaCompositing/Binaries/Win64/UE4Editor-MediaCompositing.dll (API version 3944462).
LogModuleManager: Display: Found up-to-date module file ../../../Engine/Plugins/Media/MediaCompositing/Binaries/Win64/UE4Editor-MediaCompositingEditor.dll (API version 3944462).
LogModuleManager: Display: Found up-to-date module file ../../../Engine/Plugins/Media/MediaPlayerEditor/Binaries/Win64/UE4Editor-MediaPlayerEditor.dll (API version 3944462).
LogModuleManager: Display: Found up-to-date module file ../../../Engine/Plugins/Media/WmfMedia/Binaries/Win64/UE4Editor-WmfMedia.dll (API version 3944462).
LogModuleManager: Display: Found up-to-date module file ../../../Engine/Plugins/Media/WmfMedia/Binaries/Win64/UE4Editor-WmfMediaEditor.dll (API version 3944462).
LogModuleManager: Display: Found up-to-date module file ../../../Engine/Plugins/Media/WmfMedia/Binaries/Win64/UE4Editor-WmfMediaFactory.dll (API version 3944462).
LogModuleManager: Display: Found up-to-date module file ../../../Engine/Plugins/Media/WmfMedia/Binaries/Win64/UE4Editor-WmfMediaFactory.dll (API version 3944462).
LogModuleManager: Display: Found up-to-date module file ../../../Engine/Plugins/Messaging/TcpMessaging/Binaries/Win64/UE4Editor-TcpMessaging.dll (API version 3944462).
LogModuleManager: Display: Found up-to-date module file ../../../Engine/Plugins/Messaging/UdpMessaging/Binaries/Win64/UE4Editor-UdpMessaging.dll (API version 3944462).
LogModuleManager: Display: Found up-to-date module file ../../../Engine/Plugins/MovieScene/ActorSequence/Binaries/Win64/UE4Editor-ActorSequence.dll (API version 3944462).
LogModuleManager: Display: Found up-to-date module file ../../../Engine/Plugins/MovieScene/LevelSequenceEditor/Binaries/Win64/UE4Editor-LevelSequenceEditor.dll (API version 3944462).
LogModuleManager: Display: Found up-to-date module file ../../../Engine/Plugins/MovieScene/MatineeToLevelSequence/Binaries/Win64/UE4Editor-MatineeToLevelSequence.dll (API version 3944462).
LogModuleManager: Display: Found up-to-date module file ../../../Engine/Plugins/NetcodeUnitTest/NetcodeUnitTest/Binaries/Win64/UE4Editor-NetcodeUnitTest.dll (API version 3944462).
LogModuleManager: Display: Found up-to-date module file ../../../Engine/Plugins/NetcodeUnitTest/NUTUnrealEngine4/Binaries/Win64/UE4Editor-NUTUnrealEngine4.dll (API version 3944462).
LogModuleManager: Display: Found up-to-date module file ../../../Engine/Plugins/Online/OnlineSubsystem/Binaries/Win64/UE4Editor-OnlineSubsystem.dll (API version 3944462).
LogModuleManager: Display: Found up-to-date module file ../../../Engine/Plugins/Runtime/AndroidPermission/Binaries/Win64/UE4Editor-AndroidPermission.dll (API version 3944462).
LogModuleManager: Display: Found up-to-date module file ../../../Engine/Plugins/Online/OnlineSubsystemNull/Binaries/Win64/UE4Editor-OnlineSubsystemNull.dll (API version 3944462).
LogModuleManager: Display: Found up-to-date module file ../../../Engine/Plugins/Online/OnlineSubsystemUtils/Binaries/Win64/UE4Editor-OnlineSubsystemUtils.dll (API version 3944462).
LogModuleManager: Display: Found up-to-date module file ../../../Engine/Plugins/Online/OnlineSubsystemUtils/Binaries/Win64/UE4Editor-OnlineBlueprintSupport.dll (API version 3944462).
LogModuleManager: Display: Found up-to-date module file ../../../Engine/Plugins/Runtime/AndroidDeviceProfileSelector/Binaries/Win64/UE4Editor-AndroidDeviceProfileSelector.dll (API version 3944462).
LogModuleManager: Display: Found up-to-date module file ../../../Engine/Plugins/Runtime/AppleARKit/Binaries/Win64/UE4Editor-AppleARKit.dll (API version 3944462).
LogModuleManager: Display: Found up-to-date module file ../../../Engine/Plugins/Runtime/ProceduralMeshComponent/Binaries/Win64/UE4Editor-ProceduralMeshComponent.dll (API version 3944462).
LogModuleManager: Display: Found up-to-date module file ../../../Engine/Plugins/Runtime/ProceduralMeshComponent/Binaries/Win64/UE4Editor-ProceduralMeshComponentEditor.dll (API version 3944462).
LogModuleManager: Display: Found up-to-date module file ../../../Engine/Plugins/Animation/LiveLink/Binaries/Win64/UE4Editor-LiveLink.dll (API version 3944462).
LogModuleManager: Display: Found up-to-date module file ../../../Engine/Plugins/Animation/LiveLink/Binaries/Win64/UE4Editor-LiveLinkEditor.dll (API version 3944462).
LogModuleManager: Display: Found up-to-date module file ../../../Engine/Plugins/Runtime/ArchVisCharacter/Binaries/Win64/UE4Editor-ArchVisCharacter.dll (API version 3944462).
LogModuleManager: Display: Found up-to-date module file ../../../Engine/Plugins/Runtime/AudioCapture/Binaries/Win64/UE4Editor-AudioCapture.dll (API version 3944462).
LogModuleManager: Display: Found up-to-date module file ../../../Engine/Plugins/Runtime/AudioCapture/Binaries/Win64/UE4Editor-AudioCaptureEditor.dll (API version 3944462).
LogModuleManager: Display: Found up-to-date module file ../../../Engine/Plugins/Runtime/CableComponent/Binaries/Win64/UE4Editor-CableComponent.dll (API version 3944462).
LogModuleManager: Display: Found up-to-date module file ../../../Engine/Plugins/Runtime/CustomMeshComponent/Binaries/Win64/UE4Editor-CustomMeshComponent.dll (API version 3944462).
LogModuleManager: Display: Found up-to-date module file ../../../Engine/Plugins/Runtime/ExampleDeviceProfileSelector/Binaries/Win64/UE4Editor-ExampleDeviceProfileSelector.dll (API version 3944462).
LogModuleManager: Display: Found up-to-date module file ../../../Engine/Plugins/Runtime/ImmediatePhysics/Binaries/Win64/UE4Editor-ImmediatePhysics.dll (API version 3944462).
LogModuleManager: Display: Found up-to-date module file ../../../Engine/Plugins/Runtime/ImmediatePhysics/Binaries/Win64/UE4Editor-ImmediatePhysicsEditor.dll (API version 3944462).
LogModuleManager: Display: Found up-to-date module file ../../../Engine/Plugins/Runtime/LocationServicesBPLibrary/Binaries/Win64/UE4Editor-LocationServicesBPLibrary.dll (API version 3944462).
LogModuleManager: Display: Found up-to-date module file ../../../Engine/Plugins/Runtime/MobilePatchingUtils/Binaries/Win64/UE4Editor-MobilePatchingUtils.dll (API version 3944462).
LogModuleManager: Display: Found up-to-date module file ../../../Engine/Plugins/Runtime/Oculus/OculusVR/Binaries/Win64/UE4Editor-OculusHMD.dll (API version 3944462).
LogModuleManager: Display: Found up-to-date module file ../../../Engine/Plugins/Runtime/Oculus/OculusVR/Binaries/Win64/UE4Editor-OculusInput.dll (API version 3944462).
LogModuleManager: Display: Found up-to-date module file ../../../Engine/Plugins/Runtime/Oculus/OculusVR/Binaries/Win64/UE4Editor-OculusEditor.dll (API version 3944462).
LogModuleManager: Display: Found up-to-date module file ../../../Engine/Plugins/Runtime/PhysXVehicles/Binaries/Win64/UE4Editor-PhysXVehicles.dll (API version 3944462).
LogModuleManager: Display: Found up-to-date module file ../../../Engine/Plugins/Runtime/PhysXVehicles/Binaries/Win64/UE4Editor-PhysXVehiclesEditor.dll (API version 3944462).
LogModuleManager: Display: Found up-to-date module file ../../../Engine/Plugins/Runtime/RuntimePhysXCooking/Binaries/Win64/UE4Editor-RuntimePhysXCooking.dll (API version 3944462).
LogModuleManager: Display: Found up-to-date module file ../../../Engine/Plugins/Runtime/Steam/SteamVR/Binaries/Win64/UE4Editor-SteamVR.dll (API version 3944462).
LogModuleManager: Display: Found up-to-date module file ../../../Engine/Plugins/Runtime/Steam/SteamVR/Binaries/Win64/UE4Editor-SteamVRController.dll (API version 3944462).
LogModuleManager: Display: Found up-to-date module file ../../../Engine/Plugins/Runtime/WindowsMoviePlayer/Binaries/Win64/UE4Editor-WindowsMoviePlayer.dll (API version 3944462).
LogPluginManager: Mounting plugin Paper2D
LogPluginManager: Mounting plugin LiveLink
LogPluginManager: Mounting plugin LightPropagationVolume
LogPluginManager: Mounting plugin CLionSourceCodeAccess
LogPluginManager: Mounting plugin CodeLiteSourceCodeAccess
LogPluginManager: Mounting plugin GitSourceControl
LogPluginManager: Mounting plugin KDevelopSourceCodeAccess
LogPluginManager: Mounting plugin NullSourceCodeAccess
LogPluginManager: Mounting plugin PerforceSourceControl
LogPluginManager: Mounting plugin SubversionSourceControl
LogPluginManager: Mounting plugin UObjectPlugin
LogPluginManager: Mounting plugin VisualStudioCodeSourceCodeAccess
LogPluginManager: Mounting plugin VisualStudioSourceCodeAccess
LogPluginManager: Mounting plugin XCodeSourceCodeAccess
LogPluginManager: Mounting plugin AssetManagerEditor
LogPluginManager: Mounting plugin CryptoKeys
LogPluginManager: Mounting plugin DataValidation
LogPluginManager: Mounting plugin FacialAnimation
LogPluginManager: Mounting plugin GameplayTagsEditor
LogPluginManager: Mounting plugin MobileLauncherProfileWizard
LogPluginManager: Mounting plugin PluginBrowser
LogPluginManager: Mounting plugin SpeedTreeImporter
LogPluginManager: Mounting plugin DatasmithContent
LogPluginManager: Mounting plugin AlembicImporter
LogPluginManager: Mounting plugin CharacterAI
LogPluginManager: Mounting plugin HTML5Networking
LogPluginManager: Mounting plugin AndroidMedia
LogPluginManager: Mounting plugin AvfMedia
LogPluginManager: Mounting plugin ImgMedia
LogPluginManager: Mounting plugin LinearTimecode
LogPluginManager: Mounting plugin MediaCompositing
LogPluginManager: Mounting plugin MediaPlayerEditor
LogPluginManager: Mounting plugin WmfMedia
LogPluginManager: Mounting plugin TcpMessaging
LogPluginManager: Mounting plugin UdpMessaging
LogPluginManager: Mounting plugin ActorSequence
LogPluginManager: Mounting plugin LevelSequenceEditor
LogPluginManager: Mounting plugin MatineeToLevelSequence
LogPluginManager: Mounting plugin NetcodeUnitTest
LogPluginManager: Mounting plugin NUTUnrealEngine4
LogPluginManager: Mounting plugin OnlineSubsystemGooglePlay
LogPluginManager: Mounting plugin OnlineSubsystemIOS
LogPluginManager: Mounting plugin OnlineSubsystem
LogPluginManager: Mounting plugin OnlineSubsystemNull
LogPluginManager: Mounting plugin OnlineSubsystemUtils
LogPluginManager: Mounting plugin AndroidDeviceProfileSelector
LogPluginManager: Mounting plugin AndroidMoviePlayer
LogPluginManager: Mounting plugin AndroidPermission
LogPluginManager: Mounting plugin AppleARKit
LogPluginManager: Mounting plugin AppleMoviePlayer
LogPluginManager: Mounting plugin ArchVisCharacter
LogPluginManager: Mounting plugin AudioCapture
LogPluginManager: Mounting plugin CableComponent
LogPluginManager: Mounting plugin CustomMeshComponent
LogPluginManager: Mounting plugin ExampleDeviceProfileSelector
LogPluginManager: Mounting plugin GoogleCloudMessaging
LogPluginManager: Mounting plugin ImmediatePhysics
LogPluginManager: Mounting plugin IOSDeviceProfileSelector
LogPluginManager: Mounting plugin LinuxDeviceProfileSelector
LogPluginManager: Mounting plugin LocationServicesBPLibrary
LogPluginManager: Mounting plugin MobilePatchingUtils
LogPluginManager: Mounting plugin OculusVR
LogPluginManager: Plugin shader directory ../../../Engine/Plugins/Runtime/Oculus/OculusVR/Shaders found
LogPluginManager: Mapping shader source directory ../../../Engine/Plugins/Runtime/Oculus/OculusVR/Shaders to virtual directory /Plugin/OculusVR
LogPluginManager: Mounting plugin PhysXVehicles
LogPluginManager: Mounting plugin ProceduralMeshComponent
LogPluginManager: Mounting plugin RuntimePhysXCooking
LogPluginManager: Mounting plugin SteamVR
LogPluginManager: Mounting plugin WindowsMoviePlayer
LogStreaming: Display: Took  0.947s to configure plugins.
LogInit: Using libcurl 7.47.1
LogInit:  - built for x86_64-pc-win32
LogInit:  - supports SSL with OpenSSL/1.0.2g
LogInit:  - supports HTTP deflate (compression) using libz 1.2.8
LogInit:  - other features:
LogInit:      CURL_VERSION_SSL
LogInit:      CURL_VERSION_LIBZ
LogInit:      CURL_VERSION_IPV6
LogInit:      CURL_VERSION_ASYNCHDNS
LogInit:      CURL_VERSION_LARGEFILE
LogInit:      CURL_VERSION_IDN
LogInit:  CurlRequestOptions (configurable via config and command line):
LogInit:  - bVerifyPeer = false  - Libcurl will NOT verify peer certificate
LogInit:  - bUseHttpProxy = false  - Libcurl will NOT use HTTP proxy
LogInit:  - bDontReuseConnections = false  - Libcurl will reuse connections
LogInit:  - CertBundlePath = nullptr  - Libcurl will use whatever was configured at build time.
LogInit:  - MaxHostConnections = 16  - Libcurl will limit the number of connections to a host
LogInit:  - LocalHostAddr = Default
LogInit: WinSock: version 1.1 (2.2), MaxSocks=32767, MaxUdp=65467
LogInit: WinSock: I am DESKTOP-UGDJ0BP (10.3.11.100:0)
LogInit: Build: ++UE4+Release-4.19-CL-4033788
LogInit: Engine Version: 4.19.2-4033788+++UE4+Release-4.19
LogInit: Compatible Engine Version: 4.19.0-3944462+++UE4+Release-4.19
LogInit: Net CL: 3944462
LogDevObjectVersion: Number of dev versions registered: 18
LogDevObjectVersion:   Dev-Blueprints (B0D832E4-1F89-4F0D-ACCF-7EB736FD4AA2): 10
LogDevObjectVersion:   Dev-Build (E1C64328-A22C-4D53-A36C-8E866417BD8C): 0
LogDevObjectVersion:   Dev-Core (375EC13C-06E4-48FB-B500-84F0262A717E): 2
LogDevObjectVersion:   Dev-Editor (E4B068ED-F494-42E9-A231-DA0B2E46BB41): 23
LogDevObjectVersion:   Dev-Framework (CFFC743F-43B0-4480-9391-14DF171D2073): 33
LogDevObjectVersion:   Dev-Mobile (B02B49B5-BB20-44E9-A304-32B752E40360): 2
LogDevObjectVersion:   Dev-Networking (A4E4105C-59A1-49B5-A7C5-40C4547EDFEE): 0
LogDevObjectVersion:   Dev-Online (39C831C9-5AE6-47DC-9A44-9C173E1C8E7C): 0
LogDevObjectVersion:   Dev-Physics (78F01B33-EBEA-4F98-B9B4-84EACCB95AA2): 0
LogDevObjectVersion:   Dev-Platform (6631380F-2D4D-43E0-8009-CF276956A95A): 0
LogDevObjectVersion:   Dev-Rendering (12F88B9F-8875-4AFC-A67C-D90C383ABD29): 25
LogDevObjectVersion:   Dev-Sequencer (7B5AE74C-D270-4C10-A958-57980B212A5A): 6
LogDevObjectVersion:   Dev-VR (D7296918-1DD6-4BDD-9DE2-64A83CC13884): 1
LogDevObjectVersion:   Dev-LoadTimes (C2A15278-BFE7-4AFE-6C17-90FF531DF755): 1
LogDevObjectVersion:   Private-Geometry (6EACA3D4-40EC-4CC1-B786-8BED09428FC5): 2
LogDevObjectVersion:   Dev-AnimPhys (29E575DD-E0A3-4627-9D10-D276232CDCEA): 16
LogDevObjectVersion:   Dev-ReflectionCapture (6B266CEC-1EC7-4B8F-A30B-E4D90942FC07): 1
LogDevObjectVersion:   Dev-Automation (0DF73D61-A23F-47EA-B727-89E90C41499A): 1
LogInit: Compiled (64-bit): Apr 27 2018 02:06:57
LogInit: Compiled with Visual C++: 19.00.24215.01
LogInit: Build Configuration: Development
LogInit: Branch Name: ++UE4+Release-4.19
LogInit: Command Line: 
LogInit: Base Directory: C:/Program Files/Epic Games/UE_4.19/Engine/Binaries/Win64/
LogInit: Installed Engine Build: 1
LogStreaming: Display: Took  0.000s to delete old logs.
LogInit: Presizing for max 8388607 objects, including 0 objects not considered by GC, pre-allocating 0 bytes for permanent pool.
LogInit: Object subsystem initialized
[2020.01.20-19.55.39:388][  0]LogInit: Selected Device Profile: [Windows]
[2020.01.20-19.55.39:388][  0]LogInit: Applying CVar settings loaded from the selected device profile: [Windows]
[2020.01.20-19.55.39:414][  0]LogInit: Computer: DESKTOP-UGDJ0BP
[2020.01.20-19.55.39:414][  0]LogInit: User: ZofiaGmur
[2020.01.20-19.55.39:414][  0]LogInit: CPU Page size=4096, Cores=2
[2020.01.20-19.55.39:414][  0]LogInit: High frequency timer resolution =10.000000 MHz
[2020.01.20-19.55.39:415][  0]LogMemory: Memory total: Physical=7.9GB (8GB approx)
[2020.01.20-19.55.39:415][  0]LogMemory: Platform Memory Stats for Windows
[2020.01.20-19.55.39:415][  0]LogMemory: Process Physical Memory: 273.23 MB used, 273.24 MB peak
[2020.01.20-19.55.39:415][  0]LogMemory: Process Virtual Memory: 265.89 MB used, 265.89 MB peak
[2020.01.20-19.55.39:415][  0]LogMemory: Physical Memory: 6050.84 MB used,  2066.28 MB free, 8117.12 MB total
[2020.01.20-19.55.39:415][  0]LogMemory: Virtual Memory: 4766.48 MB used,  2066.28 MB free, 134217728.00 MB total
[2020.01.20-19.55.39:434][  0]LogInit: Using OS detected language (pl-PL).
[2020.01.20-19.55.39:434][  0]LogInit: Using OS detected locale (pl-PL).
[2020.01.20-19.55.39:437][  0]LogTextLocalizationManager: No localization for 'pl-PL' exists, so 'en' will be used for the language.
[2020.01.20-19.55.39:900][  0]LogStreaming: Display: Took  0.466s to EndInitTextLocalization.
[2020.01.20-19.55.39:901][  0]LogInit: Setting process to per monitor DPI aware
[2020.01.20-19.55.39:948][  0]LogSlate: New Slate User Created.  User Index 0, Is Virtual User: 0
[2020.01.20-19.55.39:948][  0]LogSlate: Slate User Registered.  User Index 0, Is Virtual User: 0
[2020.01.20-19.55.40:177][  0]LogD3D11RHI: D3D11 adapters:
[2020.01.20-19.55.40:211][  0]LogD3D11RHI:    0. 'Intel(R) HD Graphics 620' (Feature Level 11_0)
[2020.01.20-19.55.40:211][  0]LogD3D11RHI:       128/0/4058 MB DedicatedVideo/DedicatedSystem/SharedSystem, Outputs:1, VendorId:0x8086
[2020.01.20-19.55.40:213][  0]LogD3D11RHI:    1. 'Microsoft Basic Render Driver' (Feature Level 11_0)
[2020.01.20-19.55.40:213][  0]LogD3D11RHI:       0/0/4058 MB DedicatedVideo/DedicatedSystem/SharedSystem, Outputs:0, VendorId:0x1414
[2020.01.20-19.55.40:213][  0]LogD3D11RHI: Chosen D3D11 Adapter: 0
[2020.01.20-19.55.40:233][  0]LogD3D11RHI: Creating new Direct3DDevice
[2020.01.20-19.55.40:233][  0]LogD3D11RHI:     GPU DeviceId: 0x5916 (for the marketing name, search the web for "GPU Device Id")
[2020.01.20-19.55.40:233][  0]LogWindows: EnumDisplayDevices:
[2020.01.20-19.55.40:234][  0]LogWindows:    0. 'Intel(R) HD Graphics 620' (P:1 D:1)
[2020.01.20-19.55.40:234][  0]LogWindows:    1. 'Intel(R) HD Graphics 620' (P:0 D:0)
[2020.01.20-19.55.40:234][  0]LogWindows:    2. 'Intel(R) HD Graphics 620' (P:0 D:0)
[2020.01.20-19.55.40:234][  0]LogWindows: DebugString: GetVideoDriverDetailsInvalid PrimaryIsNotTheChoosenAdapter GetVideoDriverDetailsInvalid PrimaryIsNotTheChoosenAdapter GetVideoDriverDetailsInvalid PrimaryIsNotTheChoosenAdapter FoundDriverCount:0 
[2020.01.20-19.55.40:234][  0]LogD3D11RHI:     Adapter Name: Intel(R) HD Graphics 620
[2020.01.20-19.55.40:234][  0]LogD3D11RHI:   Driver Version: Unknown (internal:Unknown, unified:Unknown)
[2020.01.20-19.55.40:234][  0]LogD3D11RHI:      Driver Date: Unknown
[2020.01.20-19.55.40:234][  0]LogRHI: Texture pool is 1510 MB (70% of 2157 MB)
[2020.01.20-19.55.40:265][  0]LogD3D11RHI: Async texture creation enabled
[2020.01.20-19.55.40:279][  0]LogD3D11RHI: GPU Timing Frequency: 12.000048 (Debug: 2 0)
[2020.01.20-19.55.40:281][  0]LogShaderCompilers: Guid format shader working directory is -29 characters bigger than the processId version (../../../../../../Users/Zofia Gmur/Documents/labyrinth-game-unity/LabyrinthGame/Intermediate/Shaders/WorkingDirectory/83268/).
[2020.01.20-19.55.40:281][  0]LogShaderCompilers: Cleaned the shader compiler working directory 'C:/Users/Zofia Gmur/AppData/Local/Temp/UnrealShaderWorkingDir/2A18E9344CB5F8EC04B5F5BB91A7C1C6/'.
[2020.01.20-19.55.40:573][  0]LogTemp: Display: Loaded TP AllDesktopTargetPlatform
[2020.01.20-19.55.40:587][  0]LogTemp: Display: Loaded TP MacClientTargetPlatform
[2020.01.20-19.55.40:602][  0]LogTemp: Display: Loaded TP MacNoEditorTargetPlatform
[2020.01.20-19.55.40:619][  0]LogTemp: Display: Loaded TP MacServerTargetPlatform
[2020.01.20-19.55.40:636][  0]LogTemp: Display: Loaded TP MacTargetPlatform
[2020.01.20-19.55.40:649][  0]LogTemp: Display: Loaded TP WindowsClientTargetPlatform
[2020.01.20-19.55.40:661][  0]LogTemp: Display: Loaded TP WindowsNoEditorTargetPlatform
[2020.01.20-19.55.40:674][  0]LogTemp: Display: Loaded TP WindowsServerTargetPlatform
[2020.01.20-19.55.40:680][  0]LogTemp: Display: Loaded TP WindowsTargetPlatform
[2020.01.20-19.55.40:693][  0]LogTemp: Display: Loaded TP Android_ASTCTargetPlatform
[2020.01.20-19.55.40:706][  0]LogTemp: Display: Loaded TP Android_ATCTargetPlatform
[2020.01.20-19.55.40:718][  0]LogTemp: Display: Loaded TP Android_DXTTargetPlatform
[2020.01.20-19.55.40:737][  0]LogTemp: Display: Loaded TP Android_ETC1aTargetPlatform
[2020.01.20-19.55.40:756][  0]LogTemp: Display: Loaded TP Android_ETC1TargetPlatform
[2020.01.20-19.55.40:770][  0]LogTemp: Display: Loaded TP Android_ETC2TargetPlatform
[2020.01.20-19.55.40:799][  0]LogTemp: Display: Loaded TP Android_MultiTargetPlatform
[2020.01.20-19.55.40:799][  0]LogTemp: Display: Loaded TP Android_PVRTCTargetPlatform
[2020.01.20-19.55.40:812][  0]LogTemp: Display: Loaded TP AndroidTargetPlatform
[2020.01.20-19.55.40:814][  0]LogTemp: Display: Loaded TP HTML5TargetPlatform
[2020.01.20-19.55.40:856][  0]LogTemp: Display: Loaded TP IOSTargetPlatform
[2020.01.20-19.55.40:873][  0]LogTemp: Display: Loaded TP TVOSTargetPlatform
[2020.01.20-19.55.40:890][  0]LogTemp: Display: Loaded TP LinuxClientTargetPlatform
[2020.01.20-19.55.40:907][  0]LogTemp: Display: Loaded TP LinuxNoEditorTargetPlatform
[2020.01.20-19.55.40:922][  0]LogTemp: Display: Loaded TP LinuxServerTargetPlatform
[2020.01.20-19.55.40:935][  0]LogTemp: Display: Loaded TP LinuxTargetPlatform
[2020.01.20-19.55.40:935][  0]LogTargetPlatformManager: Display: Building Assets For Windows
[2020.01.20-19.55.41:039][  0]LogXGEController: Cannot use XGE Controller as Incredibuild is not installed on this machine.
[2020.01.20-19.55.41:039][  0]LogShaderCompilers: Cannot use XGE Shader Compiler as Incredibuild is not installed on this machine.
[2020.01.20-19.55.41:039][  0]LogShaderCompilers: Display: Using Local Shader Compiler.
[2020.01.20-19.55.41:811][  0]LogDerivedDataCache: Display: Max Cache Size: 512 MB
[2020.01.20-19.55.41:871][  0]LogDerivedDataCache: Loaded boot cache 0.06s 74MB C:/Users/Zofia Gmur/AppData/Local/UnrealEngine/4.19/DerivedDataCache/Boot.ddc.
[2020.01.20-19.55.41:871][  0]LogDerivedDataCache: Display: Loaded Boot cache: C:/Users/Zofia Gmur/AppData/Local/UnrealEngine/4.19/DerivedDataCache/Boot.ddc
[2020.01.20-19.55.41:871][  0]LogDerivedDataCache: FDerivedDataBackendGraph:  Pak pak cache file ../../../../../../Users/Zofia Gmur/Documents/labyrinth-game-unity/LabyrinthGame/DerivedDataCache/DDC.ddp not found, will not use a pak cache.
[2020.01.20-19.55.41:871][  0]LogDerivedDataCache: Unable to find inner node Pak for hierarchical cache Hierarchy.
[2020.01.20-19.55.41:871][  0]LogDerivedDataCache: FDerivedDataBackendGraph:  CompressedPak pak cache file ../../../../../../Users/Zofia Gmur/Documents/labyrinth-game-unity/LabyrinthGame/DerivedDataCache/Compressed.ddp not found, will not use a pak cache.
[2020.01.20-19.55.41:871][  0]LogDerivedDataCache: Unable to find inner node CompressedPak for hierarchical cache Hierarchy.
[2020.01.20-19.55.41:886][  0]LogDerivedDataCache: Display: Pak cache opened for reading ../../../Engine/DerivedDataCache/Compressed.ddp.
[2020.01.20-19.55.41:898][  0]LogDerivedDataCache: Using Local data cache path C:/Users/Zofia Gmur/AppData/Local/UnrealEngine/Common/DerivedDataCache: Writable
[2020.01.20-19.55.41:898][  0]LogDerivedDataCache: Shared data cache path not found in *engine.ini, will not use an Shared cache.
[2020.01.20-19.55.41:898][  0]LogDerivedDataCache: Unable to find inner node Shared for hierarchical cache Hierarchy.
[2020.01.20-19.55.41:908][  0]LogMaterial: Verifying Global Shaders for PCD3D_SM5
[2020.01.20-19.55.41:909][  0]LogSlate: Using Freetype 2.6.0
[2020.01.20-19.55.41:909][  0]LogSlate: SlateFontCache - WITH_FREETYPE: 1, WITH_HARFBUZZ: 1
[2020.01.20-19.55.41:909][  0]LogSlate: SlateFontCache - WITH_FREETYPE: 1, WITH_HARFBUZZ: 1
[2020.01.20-19.55.42:024][  0]LogAssetRegistry: FAssetRegistry took 0.0259 seconds to start up
[2020.01.20-19.55.42:341][  0]LogInit: Selected Device Profile: [Windows]
[2020.01.20-19.55.42:477][  0]LogSimplygon: Simplygon DLL not present - disabling.
[2020.01.20-19.55.42:479][  0]LogMeshReduction: Using SimplygonSwarm for distributed automatic mesh merging
[2020.01.20-19.55.42:479][  0]LogMeshReduction: Using QuadricMeshReduction for automatic static mesh reduction
[2020.01.20-19.55.42:479][  0]LogMeshReduction: No automatic skeletal mesh reduction module available
[2020.01.20-19.55.42:479][  0]LogMeshReduction: No automatic mesh merging module available
[2020.01.20-19.55.42:479][  0]LogMeshMerging: No automatic mesh merging module available
[2020.01.20-19.55.42:506][  0]LogNetVersion: LabyrinthGame , NetCL: 3944462, EngineNetVer: 2, GameNetVer: 0 (Checksum: 4005837846)
[2020.01.20-19.55.42:941][  0]LogPackageLocalizationCache: Processed 9 localized package path(s) for 1 prioritized culture(s) in 0.047242 seconds
[2020.01.20-19.55.42:946][  0]LogUObjectArray: 36728 objects as part of root set at end of initial load.
[2020.01.20-19.55.42:946][  0]LogUObjectAllocator: 7314304 out of 0 bytes used by permanent object pool.
[2020.01.20-19.55.42:946][  0]LogUObjectArray: CloseDisregardForGC: 0/0 objects in disregard for GC pool
[2020.01.20-19.55.44:481][  0]LogTcpMessaging: Initializing TcpMessaging bridge
[2020.01.20-19.55.44:506][  0]LogUdpMessaging: Initializing bridge on interface 0.0.0.0:0 to multicast group 230.0.0.1:6666.
[2020.01.20-19.55.44:827][  0]SourceControl: Source control is disabled
[2020.01.20-19.55.44:827][  0]SourceControl: Source control is disabled
[2020.01.20-19.55.44:841][  0]SourceControl: Source control is disabled
[2020.01.20-19.55.44:854][  0]SourceControl: Source control is disabled
[2020.01.20-19.55.45:307][  0]LogAndroidPermission: UAndroidPermissionCallbackProxy::GetInstance
[2020.01.20-19.55.45:439][  0]LogOcInput: OculusInput pre-init called
[2020.01.20-19.55.45:534][  0]LogEngine: Initializing Engine...
[2020.01.20-19.55.45:535][  0]LogHMD: Failed to initialize OpenVR with code 110
[2020.01.20-19.55.45:537][  0]LogStats: UGameplayTagsManager::ConstructGameplayTagTree: Construct from data asset -  0.000 s
[2020.01.20-19.55.45:537][  0]LogStats: UGameplayTagsManager::ConstructGameplayTagTree: GameplayTagTreeChangedEvent.Broadcast -  0.000 s
[2020.01.20-19.55.45:762][  0]LogAIModule: Creating AISystem for world Untitled
[2020.01.20-19.55.45:814][  0]LogInit: XAudio2 using 'Speakers (Realtek High Definition Audio(SST))' : 2 channels at 48 kHz using 32 bits per sample (channel mask 0x3)
[2020.01.20-19.55.46:895][  0]LogInit: FAudioDevice initialized.
[2020.01.20-19.55.46:969][  0]LogDerivedDataCache: Saved boot cache 0.07s 74MB C:/Users/Zofia Gmur/AppData/Local/UnrealEngine/4.19/DerivedDataCache/Boot.ddc.
[2020.01.20-19.55.46:981][  0]LogInit: Texture streaming: Enabled
[2020.01.20-19.55.46:994][  0]LogEngineSessionManager: EngineSessionManager initialized
[2020.01.20-19.55.47:022][  0]LogInit: Transaction tracking system initialized
[2020.01.20-19.55.47:043][  0]BlueprintLog: New page: Editor Load
[2020.01.20-19.55.47:100][  0]LocalizationService: Localization service is disabled
[2020.01.20-19.55.47:180][  0]LogConsoleResponse: Display: 
[2020.01.20-19.55.47:370][  0]LogCook: Display: Max memory allowance for cook 16384mb min free memory 0mb
[2020.01.20-19.55.47:370][  0]LogCook: Display: Mobile HDR setting 1
[2020.01.20-19.55.47:370][  0]LogGameplayTags: Display: UGameplayTagsManager::DoneAddingNativeTags. DelegateIsBound: 0
[2020.01.20-19.55.47:370][  0]LogStats: UGameplayTagsManager::ConstructGameplayTagTree: Construct from data asset -  0.000 s
[2020.01.20-19.55.47:370][  0]LogStats: UGameplayTagsManager::ConstructGameplayTagTree: GameplayTagTreeChangedEvent.Broadcast -  0.000 s
[2020.01.20-19.55.47:664][  0]LogFileCache: Scanning file cache for directory 'C:/Users/Zofia Gmur/Documents/labyrinth-game-unity/LabyrinthGame/Content/' took 0.02s
[2020.01.20-19.55.47:664][  0]SourceControl: Source control is disabled
[2020.01.20-19.55.47:665][  0]Cmd: MAP LOAD FILE="../../../Engine/Content/Maps/Templates/Template_Default.umap" TEMPLATE=1 SHOWPROGRESS=1 FEATURELEVEL=3
[2020.01.20-19.55.47:665][  0]LightingResults: New page: Lighting Build
[2020.01.20-19.55.47:667][  0]MapCheck: New page: Map Check
[2020.01.20-19.55.47:667][  0]LightingResults: New page: Lighting Build
[2020.01.20-19.55.47:868][  0]LogAIModule: Creating AISystem for world Untitled_1
[2020.01.20-19.55.47:874][  0]LogEditorServer: Finished looking for orphan Actors (0.000 secs)
[2020.01.20-19.55.47:885][  0]Cmd: MAP CHECKDEP NOCLEARLOG
[2020.01.20-19.55.47:938][  0]MapCheck: Map check complete: 0 Error(s), 0 Warning(s), took 53,447ms to complete.
[2020.01.20-19.55.47:938][  0]LogFileHelpers: Loading map 'Template_Default' took 0.274
[2020.01.20-19.55.48:228][  0]LogCollectionManager: Loaded 0 collections in 0.001267 seconds
[2020.01.20-19.55.48:310][  0]LogFileCache: Scanning file cache for directory 'C:/Users/Zofia Gmur/Documents/labyrinth-game-unity/LabyrinthGame/Saved/Collections/' took 0.01s
[2020.01.20-19.55.48:310][  0]LogFileCache: Scanning file cache for directory 'C:/Users/Zofia Gmur/Documents/labyrinth-game-unity/LabyrinthGame/Content/Developers/ZofiaGmur/Collections/' took 0.01s
[2020.01.20-19.55.48:310][  0]LogFileCache: Scanning file cache for directory 'C:/Users/Zofia Gmur/Documents/labyrinth-game-unity/LabyrinthGame/Content/Collections/' took 0.01s
[2020.01.20-19.55.48:310][  0]LogCollectionManager: Rebuilt the GUID cache for 0 collections in 0.000001 seconds
[2020.01.20-19.55.48:331][  0]LogContentBrowser: Native class hierarchy populated in 0.0181 seconds. Added 2452 classes and 558 folders.
[2020.01.20-19.55.48:351][  0]LogContentBrowser: Native class hierarchy updated for 'WidgetCarousel' in 0.0010 seconds. Added 0 classes and 0 folders.
[2020.01.20-19.55.48:852][  0]LogContentBrowser: Native class hierarchy updated for 'AddContentDialog' in 0.0003 seconds. Added 0 classes and 0 folders.
[2020.01.20-19.55.48:871][  0]LogContentBrowser: Native class hierarchy updated for 'SceneOutliner' in 0.0003 seconds. Added 1 classes and 2 folders.
[2020.01.20-19.55.48:985][  0]LogSlate: Took 0.000239 seconds to synchronously load lazily loaded font '../../../Engine/Content/Slate/Fonts/Roboto-Regular.ttf' (155K)
[2020.01.20-19.55.48:988][  0]LogSlate: Took 0.000264 seconds to synchronously load lazily loaded font '../../../Engine/Content/Slate/Fonts/Roboto-Bold.ttf' (160K)
[2020.01.20-19.55.49:010][  0]LogSlate: Took 0.011200 seconds to synchronously load lazily loaded font '../../../Engine/Content/Editor/Slate/Fonts/FontAwesome.ttf' (139K)
[2020.01.20-19.55.49:250][  0]LogRenderer: Reallocating scene render targets to support 860x468 Format 10 NumSamples 1 (Frame:1).
[2020.01.20-19.55.49:666][  0]LogContentBrowser: Native class hierarchy updated for 'HierarchicalLODOutliner' in 0.0005 seconds. Added 0 classes and 0 folders.
[2020.01.20-19.55.49:666][  0]LogLoad: (Engine Initialization) Total time: 12.49 seconds
[2020.01.20-19.55.49:666][  0]LogLoad: (Engine Initialization) Total Blueprint compile time: 0.00 seconds
[2020.01.20-19.55.49:708][  0]LogContentStreaming: Texture pool size now 1000 MB
[2020.01.20-19.55.49:753][  1]LogAssetRegistry: Asset discovery search completed in 7.7500 seconds
[2020.01.20-19.55.49:754][  1]LogCollectionManager: Rebuilt the object cache for 0 collections in 0.000000 seconds (found 0 objects)
[2020.01.20-19.55.49:754][  1]LogCollectionManager: Fixed up redirectors for 0 collections in 0.000068 seconds (updated 0 objects)
[2020.01.20-19.55.50:820][ 21]LogSlate: Took 0.021911 seconds to synchronously load lazily loaded font '../../../Engine/Content/Slate/Fonts/Roboto-Light.ttf' (167K)
[2020.01.20-19.55.59:407][290]LogSlate: FSceneViewport::OnFocusLost() reason 0
[2020.01.20-19.55.59:520][293]LogLinker: Warning: Can't resolve asset name
[2020.01.20-19.56.03:796][419]LogSlate: FSceneViewport::OnFocusLost() reason 2
[2020.01.20-19.56.05:923][531]LogSlate: FSceneViewport::OnFocusLost() reason 2
[2020.01.20-19.56.06:353][531]LogContentBrowser: Native class hierarchy updated for 'BlueprintGraph' in 0.0006 seconds. Added 116 classes and 0 folders.
[2020.01.20-19.56.06:698][531]LogUObjectGlobals: Created PersistentFrame Addr=0x000001a28060c408, Size=4, Default__SKEL_PROTO_BP_AnimBlueprint_0_C Function /Engine/Transient.SKEL_PROTO_BP_AnimBlueprint_0_C:ExecuteUbergraph_PROTO_BP_AnimBlueprint_0
[2020.01.20-19.56.06:700][531]LogUObjectGlobals: Created PersistentFrame Addr=0x000001a28060c400, Size=4, Default__PROTO_BP_AnimBlueprint_0_C Function /Engine/Transient.PROTO_BP_AnimBlueprint_0_C:ExecuteUbergraph_PROTO_BP_AnimBlueprint_0
[2020.01.20-19.56.07:223][531]LogSlate: Took 0.008566 seconds to synchronously load lazily loaded font '../../../Engine/Content/Slate/Fonts/Roboto-BoldCondensed.ttf' (158K)
[2020.01.20-19.56.38:920][385]LogSlate: FSceneViewport::OnFocusLost() reason 0
[2020.01.20-19.56.44:323][508]LogSlate: FSceneViewport::OnFocusLost() reason 0
[2020.01.20-19.56.49:924][666]LogSlate: FSceneViewport::OnFocusLost() reason 0
[2020.01.20-19.56.50:069][669]LogRenderer: Reallocating scene render targets to support 1088x468 Format 10 NumSamples 1 (Frame:1203).
[2020.01.20-19.57.07:436][308]LogActorFactory: Actor Factory created Shape_Sphere
[2020.01.20-19.57.07:458][308]LogActorFactory: Actor Factory created Shape_Sphere
[2020.01.20-19.57.07:601][308]LogEditorViewport: Clicking on Actor (LMB): StaticMeshActor (Floor)
[2020.01.20-19.57.11:365][383]LogSlate: FSceneViewport::OnFocusLost() reason 0
[2020.01.20-19.57.15:480][447]LogEditorViewport: Clicking on Actor (LMB): BP_Sky_Sphere_C (Sky Sphere)
[2020.01.20-19.57.17:055][484]Cmd: TRANSACTION UNDO
[2020.01.20-19.57.17:055][484]LogEditorTransaction: Undo Clicking on Actors
[2020.01.20-19.57.17:754][512]Cmd: TRANSACTION UNDO
[2020.01.20-19.57.17:754][512]LogEditorTransaction: Undo Set Scale
[2020.01.20-19.57.18:695][545]LogEditorViewport: Clicking on Actor (LMB): StaticMeshActor (Shape_Sphere)
[2020.01.20-19.57.20:823][581]LogSlate: FSceneViewport::OnFocusLost() reason 0
[2020.01.20-19.57.23:887][629]LogEditorViewport: Clicking on Actor (LMB): BP_Sky_Sphere_C (Sky Sphere)
[2020.01.20-19.57.26:170][678]LogSlate: FSceneViewport::OnFocusLost() reason 0
[2020.01.20-19.57.42:734][ 78]LogEditorViewport: Clicking on Actor (LMB): StaticMeshActor (Floor)
[2020.01.20-19.57.48:417][208]LogEditorViewport: Clicking on Actor (LMB): PlayerStart (Player Start)
[2020.01.20-19.57.50:099][247]LogNavigationPoint: PostEditMove Clear paths rebuilt
[2020.01.20-19.57.51:025][267]LogEditorViewport: Clicking on Actor (LMB): BP_Sky_Sphere_C (Sky Sphere)
[2020.01.20-19.57.52:683][301]LogEditorViewport: Clicking on Actor (LMB): PlayerStart (Player Start)
[2020.01.20-19.57.54:111][334]LogNavigationPoint: PostEditMove Clear paths rebuilt
[2020.01.20-19.57.56:013][379]LogNavigationPoint: PostEditMove Clear paths rebuilt
[2020.01.20-19.57.57:495][414]LogNavigationPoint: PostEditMove Clear paths rebuilt
[2020.01.20-19.57.59:745][467]LogNavigationPoint: PostEditMove Clear paths rebuilt
[2020.01.20-19.58.01:745][513]LogSlate: FSceneViewport::OnFocusLost() reason 0
[2020.01.20-19.58.01:806][516]LogTemp: Repeating last play command: Selected Viewport
[2020.01.20-19.58.01:863][516]LogBlueprintUserMessages: Early PlayInEditor Detection: Level '/Temp/Untitled_1.Untitled_1:PersistentLevel' has LevelScriptBlueprint '/Temp/Untitled_1.Untitled_1:PersistentLevel.Untitled' with GeneratedClass '/Temp/Untitled_1.Untitled_C' with ClassGeneratedBy '/Temp/Untitled_1.Untitled_1:PersistentLevel.Untitled'
[2020.01.20-19.58.01:866][516]LogPlayLevel: PlayLevel: No blueprints needed recompiling
[2020.01.20-19.58.01:880][516]PIE: New page: PIE session: Untitled_1 (20 sty 2020, 19:58:01)
[2020.01.20-19.58.01:881][516]LogPlayLevel: Creating play world package: /Temp/UEDPIE_0_Untitled_1
[2020.01.20-19.58.01:894][516]LogPlayLevel: PIE: StaticDuplicateObject took: (0.012831s)
[2020.01.20-19.58.01:896][516]LogAIModule: Creating AISystem for world Untitled_1
[2020.01.20-19.58.01:896][516]LogPlayLevel: PIE: World Init took: (0.002171s)
[2020.01.20-19.58.01:897][516]LogPlayLevel: PIE: Created PIE world by copying editor world from /Temp/Untitled_1.Untitled_1 to /Temp/UEDPIE_0_Untitled_1.Untitled_1 (0.015574s)
[2020.01.20-19.58.01:994][516]LogInit: XAudio2 using 'Speakers (Realtek High Definition Audio(SST))' : 2 channels at 48 kHz using 32 bits per sample (channel mask 0x3)
[2020.01.20-19.58.02:044][516]LogInit: FAudioDevice initialized.
[2020.01.20-19.58.02:104][516]LogLoad: Game class is 'GameModeBase'
[2020.01.20-19.58.02:116][516]LogWorld: Bringing World /Temp/UEDPIE_0_Untitled_1.Untitled_1 up for play (max tick rate 60) at 2020.01.20-19.58.02
[2020.01.20-19.58.02:118][516]LogWorld: Bringing up level for play took: 0.001922
[2020.01.20-19.58.02:136][516]LogContentBrowser: Native class hierarchy updated for 'MovieSceneCapture' in 0.0004 seconds. Added 11 classes and 0 folders.
[2020.01.20-19.58.02:141][516]PIE: Play in editor start time for /Temp/UEDPIE_0_Untitled_1 0,177
[2020.01.20-19.58.02:141][516]LogBlueprintUserMessages: Late PlayInEditor Detection: Level '/Temp/Untitled_1.Untitled_1:PersistentLevel' has LevelScriptBlueprint '/Temp/Untitled_1.Untitled_1:PersistentLevel.Untitled' with GeneratedClass '/Temp/Untitled_1.Untitled_C' with ClassGeneratedBy '/Temp/Untitled_1.Untitled_1:PersistentLevel.Untitled'
[2020.01.20-19.58.12:294][820]LogBlueprintUserMessages: Early EndPlayMap Detection: Level '/Temp/Untitled_1.Untitled_1:PersistentLevel' has LevelScriptBlueprint '/Temp/Untitled_1.Untitled_1:PersistentLevel.Untitled' with GeneratedClass '/Temp/Untitled_1.Untitled_C' with ClassGeneratedBy '/Temp/Untitled_1.Untitled_1:PersistentLevel.Untitled'
[2020.01.20-19.58.12:366][820]LogBlueprintUserMessages: Late EndPlayMap Detection: Level '/Temp/Untitled_1.Untitled_1:PersistentLevel' has LevelScriptBlueprint '/Temp/Untitled_1.Untitled_1:PersistentLevel.Untitled' with GeneratedClass '/Temp/Untitled_1.Untitled_C' with ClassGeneratedBy '/Temp/Untitled_1.Untitled_1:PersistentLevel.Untitled'
[2020.01.20-19.58.17:814][957]LogEditorViewport: Clicking on Actor (LMB): PlayerStart (Player Start)
[2020.01.20-19.58.19:926][  8]LogSlate: FSceneViewport::OnFocusLost() reason 0
[2020.01.20-19.58.23:942][112]LogNavigationPoint: PostEditMove Clear paths rebuilt
[2020.01.20-19.58.24:607][126]LogEditorViewport: Clicking on Actor (LMB): BP_Sky_Sphere_C (Sky Sphere)
[2020.01.20-19.58.27:759][199]LogEditorViewport: Clicking on Actor (LMB): Actor (Actor)
[2020.01.20-19.58.29:392][240]LogEditorViewport: Clicking on Actor (context menu): Actor (Actor)
[2020.01.20-19.58.29:487][240]LogSlate: FSceneViewport::OnFocusLost() reason 2
[2020.01.20-19.58.38:220][460]Cmd: DELETE
[2020.01.20-19.58.38:220][460]Cmd: ACTOR DELETE
[2020.01.20-19.58.38:251][460]LogEditorActor: Deleted Actor: Actor
[2020.01.20-19.58.38:268][460]LogEditorActor: Deleted 1 Actors (0.028 secs)
[2020.01.20-19.58.48:410][731]LogSlate: FSceneViewport::OnFocusLost() reason 0
[2020.01.20-19.58.56:927][950]LogSlate: FSceneViewport::OnFocusLost() reason 0
[2020.01.20-19.59.00:582][ 31]LogSlate: FSceneViewport::OnFocusLost() reason 0
[2020.01.20-19.59.00:831][ 32]LogEditorViewport: Clicking on Actor (LMB): BP_Sky_Sphere_C (Sky Sphere)
[2020.01.20-19.59.01:163][ 38]LogEditorViewport: Clicking on Actor (LMB): StaticMeshActor (Floor)
[2020.01.20-19.59.01:260][ 38]LogEditorViewport: Clicking on Actor (LMB): StaticMeshActor (Floor)
[2020.01.20-19.59.02:316][ 59]LogSlate: FSceneViewport::OnFocusLost() reason 0
[2020.01.20-19.59.05:474][113]LogSlate: FSceneViewport::OnFocusLost() reason 0
[2020.01.20-19.59.05:934][117]LogEditorViewport: Clicking on Actor (LMB): StaticMeshActor (Floor)
[2020.01.20-19.59.09:605][175]LogSlate: FSceneViewport::OnFocusLost() reason 0
[2020.01.20-19.59.15:288][306]LogSlate: FSceneViewport::OnFocusLost() reason 2
[2020.01.20-19.59.27:732][522]LogSlate: Took 0.025937 seconds to synchronously load lazily loaded font '../../../Engine/Content/Slate/Fonts/Roboto-Italic.ttf' (157K)
[2020.01.20-20.02.01:723][354]LogTemp: Repeating last play command: Selected Viewport
[2020.01.20-20.02.01:780][354]LogBlueprintUserMessages: Early PlayInEditor Detection: Level '/Temp/Untitled_1.Untitled_1:PersistentLevel' has LevelScriptBlueprint '/Temp/Untitled_1.Untitled_1:PersistentLevel.Untitled' with GeneratedClass '/Temp/Untitled_1.Untitled_C' with ClassGeneratedBy '/Temp/Untitled_1.Untitled_1:PersistentLevel.Untitled'
[2020.01.20-20.02.01:780][354]BlueprintLog: New page: Pre-Play auto-recompile
[2020.01.20-20.02.01:803][354]LogPlayLevel: [PlayLevel] Compiling Untitled before play...
[2020.01.20-20.02.01:812][354]LogUObjectGlobals: Created PersistentFrame Addr=0x000001a29a39a3b0, Size=4, Default__Untitled_C Function /Temp/Untitled_1.Untitled_C:ExecuteUbergraph_Untitled
[2020.01.20-20.02.01:859][354]LogPlayLevel: PlayLevel: Blueprint regeneration took 78 ms (1 blueprints)
[2020.01.20-20.02.01:859][354]PIE: New page: PIE session: Untitled_1 (20 sty 2020, 20:02:01)
[2020.01.20-20.02.01:859][354]LogPlayLevel: Creating play world package: /Temp/UEDPIE_0_Untitled_1
[2020.01.20-20.02.01:864][354]LogPlayLevel: PIE: StaticDuplicateObject took: (0.004577s)
[2020.01.20-20.02.01:865][354]LogAIModule: Creating AISystem for world Untitled_1
[2020.01.20-20.02.01:865][354]LogPlayLevel: PIE: World Init took: (0.001361s)
[2020.01.20-20.02.01:866][354]LogPlayLevel: PIE: Created PIE world by copying editor world from /Temp/Untitled_1.Untitled_1 to /Temp/UEDPIE_0_Untitled_1.Untitled_1 (0.006218s)
[2020.01.20-20.02.01:915][354]LogInit: XAudio2 using 'Speakers (Realtek High Definition Audio(SST))' : 2 channels at 48 kHz using 32 bits per sample (channel mask 0x3)
[2020.01.20-20.02.01:947][354]LogInit: FAudioDevice initialized.
[2020.01.20-20.02.01:982][354]LogLoad: Game class is 'GameModeBase'
[2020.01.20-20.02.01:984][354]LogWorld: Bringing World /Temp/UEDPIE_0_Untitled_1.Untitled_1 up for play (max tick rate 60) at 2020.01.20-20.02.01
[2020.01.20-20.02.01:984][354]LogWorld: Bringing up level for play took: 0.001161
[2020.01.20-20.02.01:990][354]PIE: Play in editor start time for /Temp/UEDPIE_0_Untitled_1 0,026
[2020.01.20-20.02.01:990][354]LogBlueprintUserMessages: Late PlayInEditor Detection: Level '/Temp/Untitled_1.Untitled_1:PersistentLevel' has LevelScriptBlueprint '/Temp/Untitled_1.Untitled_1:PersistentLevel.Untitled' with GeneratedClass '/Temp/Untitled_1.Untitled_C' with ClassGeneratedBy '/Temp/Untitled_1.Untitled_1:PersistentLevel.Untitled'
[2020.01.20-20.02.02:279][355]LogBlueprintUserMessages: [Untitled_C_0] yes hello
[2020.01.20-20.02.04:276][410]LogBlueprintUserMessages: [Untitled_C_0] welcome to THE LABYRINTH
[2020.01.20-20.02.08:466][527]LogBlueprintUserMessages: Early EndPlayMap Detection: Level '/Temp/Untitled_1.Untitled_1:PersistentLevel' has LevelScriptBlueprint '/Temp/Untitled_1.Untitled_1:PersistentLevel.Untitled' with GeneratedClass '/Temp/Untitled_1.Untitled_C' with ClassGeneratedBy '/Temp/Untitled_1.Untitled_1:PersistentLevel.Untitled'
[2020.01.20-20.02.08:512][527]LogBlueprintUserMessages: Late EndPlayMap Detection: Level '/Temp/Untitled_1.Untitled_1:PersistentLevel' has LevelScriptBlueprint '/Temp/Untitled_1.Untitled_1:PersistentLevel.Untitled' with GeneratedClass '/Temp/Untitled_1.Untitled_C' with ClassGeneratedBy '/Temp/Untitled_1.Untitled_1:PersistentLevel.Untitled'
[2020.01.20-20.05.54:938][697]LogSlate: Window 'Save Level As' being destroyed
[2020.01.20-20.05.55:053][697]LogUObjectGlobals: Destroyed PersistentFrame Addr=0x000001a29a39a3b0, Size=4
[2020.01.20-20.05.55:053][697]LogUObjectGlobals: Created PersistentFrame Addr=0x000001a2fb095fb8, Size=4, Default__Untitled_C Function /Engine/Transient.REINST_Untitled_C_25:ExecuteUbergraph_Untitled
[2020.01.20-20.05.55:059][697]LogUObjectGlobals: Created PersistentFrame Addr=0x000001a305071c00, Size=712, Default__Untitled_C Function /Game/Untitled.Untitled_C:ExecuteUbergraph_Untitled
[2020.01.20-20.05.55:202][697]Cmd: OBJ SAVEPACKAGE PACKAGE="/Game/Untitled" FILE="../../../../../../Users/Zofia Gmur/Documents/labyrinth-game-unity/LabyrinthGame/Content/Untitled.umap" SILENT=true AUTOSAVING=false KEEPDIRTY=false
[2020.01.20-20.05.55:221][697]LogUObjectGlobals: Destroyed PersistentFrame Addr=0x000001a2fb095fb8, Size=4
[2020.01.20-20.05.55:230][697]LogUObjectGlobals: Destroyed PersistentFrame Addr=0x000001a305071c00, Size=712
[2020.01.20-20.05.55:230][697]LogUObjectGlobals: Created PersistentFrame Addr=0x000001a305071c00, Size=712, Default__Untitled_C Function /Engine/Transient.REINST_Untitled_C_29:ExecuteUbergraph_Untitled
[2020.01.20-20.05.55:234][697]LogUObjectGlobals: Created PersistentFrame Addr=0x000001a305073400, Size=712, Default__Untitled_C Function /Game/Untitled.Untitled_C:ExecuteUbergraph_Untitled
[2020.01.20-20.05.55:367][697]LogSavePackage: Save=144.05ms
[2020.01.20-20.05.55:367][697]LogSavePackage: Moving '../../../../../../Users/Zofia Gmur/Documents/labyrinth-game-unity/LabyrinthGame/Saved/UntitledF0D077694FA2E4636AFE39937D9DDF00.tmp' to '../../../../../../Users/Zofia Gmur/Documents/labyrinth-game-unity/LabyrinthGame/Content/Untitled.umap'
[2020.01.20-20.05.55:376][697]LogSavePackage: Display: Finished SavePackage ../../../../../../Users/Zofia Gmur/Documents/labyrinth-game-unity/LabyrinthGame/Content/Untitled.umap
[2020.01.20-20.05.55:408][697]LogFileHelpers: Saving map 'Untitled' took 0.447
[2020.01.20-20.05.59:656][790]Cmd: OBJ SAVEPACKAGE PACKAGE="/Game/Untitled" FILE="../../../../../../Users/Zofia Gmur/Documents/labyrinth-game-unity/LabyrinthGame/Content/Untitled.umap" SILENT=true AUTOSAVING=false KEEPDIRTY=false
[2020.01.20-20.05.59:699][790]LogUObjectGlobals: Destroyed PersistentFrame Addr=0x000001a305071c00, Size=712
[2020.01.20-20.05.59:723][790]LogUObjectGlobals: Destroyed PersistentFrame Addr=0x000001a305073400, Size=712
[2020.01.20-20.05.59:723][790]LogUObjectGlobals: Created PersistentFrame Addr=0x000001a30e5a3100, Size=712, Default__Untitled_C Function /Engine/Transient.REINST_Untitled_C_33:ExecuteUbergraph_Untitled
[2020.01.20-20.05.59:727][790]LogUObjectGlobals: Created PersistentFrame Addr=0x000001a305070400, Size=712, Default__Untitled_C Function /Game/Untitled.Untitled_C:ExecuteUbergraph_Untitled
[2020.01.20-20.05.59:838][790]LogSavePackage: Save=126.88ms
[2020.01.20-20.05.59:838][790]LogSavePackage: Moving '../../../../../../Users/Zofia Gmur/Documents/labyrinth-game-unity/LabyrinthGame/Saved/UntitledA463BEC44A7EE4ECD0D88F84235292B4.tmp' to '../../../../../../Users/Zofia Gmur/Documents/labyrinth-game-unity/LabyrinthGame/Content/Untitled.umap'
[2020.01.20-20.05.59:841][790]LogSavePackage: Display: Finished SavePackage ../../../../../../Users/Zofia Gmur/Documents/labyrinth-game-unity/LabyrinthGame/Content/Untitled.umap
[2020.01.20-20.05.59:870][790]Cmd: OBJ SAVEPACKAGE PACKAGE="/Game/Untitled_BuiltData" FILE="../../../../../../Users/Zofia Gmur/Documents/labyrinth-game-unity/LabyrinthGame/Content/Untitled_BuiltData.uasset" SILENT=true
[2020.01.20-20.05.59:894][790]LogSavePackage: Save=21.12ms
[2020.01.20-20.05.59:894][790]LogSavePackage: Moving '../../../../../../Users/Zofia Gmur/Documents/labyrinth-game-unity/LabyrinthGame/Saved/Untitled_BuiltData07862EEF43F314D3ACB6AB8FDFCE2212.tmp' to '../../../../../../Users/Zofia Gmur/Documents/labyrinth-game-unity/LabyrinthGame/Content/Untitled_BuiltData.uasset'
[2020.01.20-20.05.59:895][790]LogSavePackage: Display: Finished SavePackage ../../../../../../Users/Zofia Gmur/Documents/labyrinth-game-unity/LabyrinthGame/Content/Untitled_BuiltData.uasset
[2020.01.20-20.06.06:910][970]LogEditorViewport: Clicking on Actor (LMB): StaticMeshActor (Shape_Sphere)
[2020.01.20-20.06.11:136][ 40]LogSlate: FSceneViewport::OnFocusLost() reason 0
[2020.01.20-20.06.13:140][ 79]LogTemp: Repeating last play command: Selected Viewport
[2020.01.20-20.06.13:217][ 79]LogBlueprintUserMessages: Early PlayInEditor Detection: Level '/Game/Untitled.Untitled:PersistentLevel' has LevelScriptBlueprint '/Game/Untitled.Untitled:PersistentLevel.Untitled' with GeneratedClass '/Game/Untitled.Untitled_C' with ClassGeneratedBy '/Game/Untitled.Untitled:PersistentLevel.Untitled'
[2020.01.20-20.06.13:218][ 79]LogPlayLevel: PlayLevel: No blueprints needed recompiling
[2020.01.20-20.06.13:218][ 79]PIE: New page: PIE session: Untitled (20 sty 2020, 20:06:13)
[2020.01.20-20.06.13:218][ 79]LogPlayLevel: Creating play world package: /Game/UEDPIE_0_Untitled
[2020.01.20-20.06.13:227][ 79]LogPlayLevel: PIE: StaticDuplicateObject took: (0.008403s)
[2020.01.20-20.06.13:229][ 79]LogAIModule: Creating AISystem for world Untitled
[2020.01.20-20.06.13:230][ 79]LogPlayLevel: PIE: World Init took: (0.002592s)
[2020.01.20-20.06.13:230][ 79]LogPlayLevel: PIE: Created PIE world by copying editor world from /Game/Untitled.Untitled to /Game/UEDPIE_0_Untitled.Untitled (0.011495s)
[2020.01.20-20.06.13:299][ 79]LogUObjectGlobals: Destroyed PersistentFrame Addr=0x000001a30e5a3100, Size=712
[2020.01.20-20.06.13:316][ 79]LogInit: XAudio2 using 'Speakers (Realtek High Definition Audio(SST))' : 2 channels at 48 kHz using 32 bits per sample (channel mask 0x3)
[2020.01.20-20.06.13:355][ 79]LogInit: FAudioDevice initialized.
[2020.01.20-20.06.13:393][ 79]LogLoad: Game class is 'GameModeBase'
[2020.01.20-20.06.13:395][ 79]LogWorld: Bringing World /Game/UEDPIE_0_Untitled.Untitled up for play (max tick rate 60) at 2020.01.20-20.06.13
[2020.01.20-20.06.13:396][ 79]LogWorld: Bringing up level for play took: 0.001743
[2020.01.20-20.06.13:398][ 79]PIE: Play in editor start time for /Game/UEDPIE_0_Untitled -0,567
[2020.01.20-20.06.13:398][ 79]LogBlueprintUserMessages: Late PlayInEditor Detection: Level '/Game/Untitled.Untitled:PersistentLevel' has LevelScriptBlueprint '/Game/Untitled.Untitled:PersistentLevel.Untitled' with GeneratedClass '/Game/Untitled.Untitled_C' with ClassGeneratedBy '/Game/Untitled.Untitled:PersistentLevel.Untitled'
[2020.01.20-20.06.13:428][ 80]LogBlueprintUserMessages: [Untitled_C_3] yes hello
[2020.01.20-20.06.15:462][131]LogBlueprintUserMessages: [Untitled_C_3] welcome to THE LABYRINTH
[2020.01.20-20.06.29:959][523]LogBlueprintUserMessages: Early EndPlayMap Detection: Level '/Game/Untitled.Untitled:PersistentLevel' has LevelScriptBlueprint '/Game/Untitled.Untitled:PersistentLevel.Untitled' with GeneratedClass '/Game/Untitled.Untitled_C' with ClassGeneratedBy '/Game/Untitled.Untitled:PersistentLevel.Untitled'
[2020.01.20-20.06.30:042][523]LogBlueprintUserMessages: Late EndPlayMap Detection: Level '/Game/Untitled.Untitled:PersistentLevel' has LevelScriptBlueprint '/Game/Untitled.Untitled:PersistentLevel.Untitled' with GeneratedClass '/Game/Untitled.Untitled_C' with ClassGeneratedBy '/Game/Untitled.Untitled:PersistentLevel.Untitled'
[2020.01.20-20.06.36:543][673]LogEditorViewport: Clicking on Actor (LMB): PlayerStart (Player Start)
[2020.01.20-20.06.38:199][712]LogSlate: FSceneViewport::OnFocusLost() reason 0
[2020.01.20-20.06.40:123][755]LogNavigationPoint: PostEditMove Clear paths rebuilt
[2020.01.20-20.06.41:398][784]LogNavigationPoint: PostEditMove Clear paths rebuilt
[2020.01.20-20.06.48:520][947]Cmd: TRANSACTION UNDO
[2020.01.20-20.06.48:520][947]LogEditorTransaction: Undo Move Actors
[2020.01.20-20.06.52:732][ 41]Cmd: TRANSACTION UNDO
[2020.01.20-20.06.52:732][ 41]LogEditorTransaction: Undo Move Actors
[2020.01.20-20.07.03:269][288]LogSlate: FSceneViewport::OnFocusLost() reason 0
[2020.01.20-20.07.03:354][290]LogTemp: Repeating last play command: Selected Viewport
[2020.01.20-20.07.03:410][290]LogBlueprintUserMessages: Early PlayInEditor Detection: Level '/Game/Untitled.Untitled:PersistentLevel' has LevelScriptBlueprint '/Game/Untitled.Untitled:PersistentLevel.Untitled' with GeneratedClass '/Game/Untitled.Untitled_C' with ClassGeneratedBy '/Game/Untitled.Untitled:PersistentLevel.Untitled'
[2020.01.20-20.07.03:411][290]LogPlayLevel: PlayLevel: No blueprints needed recompiling
[2020.01.20-20.07.03:411][290]PIE: New page: PIE session: Untitled (20 sty 2020, 20:07:03)
[2020.01.20-20.07.03:412][290]LogPlayLevel: Creating play world package: /Game/UEDPIE_0_Untitled
[2020.01.20-20.07.03:420][290]LogPlayLevel: PIE: StaticDuplicateObject took: (0.008401s)
[2020.01.20-20.07.03:422][290]LogAIModule: Creating AISystem for world Untitled
[2020.01.20-20.07.03:422][290]LogPlayLevel: PIE: World Init took: (0.002025s)
[2020.01.20-20.07.03:422][290]LogPlayLevel: PIE: Created PIE world by copying editor world from /Game/Untitled.Untitled to /Game/UEDPIE_0_Untitled.Untitled (0.010949s)
[2020.01.20-20.07.03:468][290]LogInit: XAudio2 using 'Speakers (Realtek High Definition Audio(SST))' : 2 channels at 48 kHz using 32 bits per sample (channel mask 0x3)
[2020.01.20-20.07.03:502][290]LogInit: FAudioDevice initialized.
[2020.01.20-20.07.03:543][290]LogLoad: Game class is 'GameModeBase'
[2020.01.20-20.07.03:545][290]LogWorld: Bringing World /Game/UEDPIE_0_Untitled.Untitled up for play (max tick rate 60) at 2020.01.20-20.07.03
[2020.01.20-20.07.03:545][290]LogWorld: Bringing up level for play took: 0.001521
[2020.01.20-20.07.03:548][290]PIE: Play in editor start time for /Game/UEDPIE_0_Untitled -0,417
[2020.01.20-20.07.03:548][290]LogBlueprintUserMessages: Late PlayInEditor Detection: Level '/Game/Untitled.Untitled:PersistentLevel' has LevelScriptBlueprint '/Game/Untitled.Untitled:PersistentLevel.Untitled' with GeneratedClass '/Game/Untitled.Untitled_C' with ClassGeneratedBy '/Game/Untitled.Untitled:PersistentLevel.Untitled'
[2020.01.20-20.07.03:709][291]LogBlueprintUserMessages: [Untitled_C_3] yes hello
[2020.01.20-20.07.05:711][347]LogBlueprintUserMessages: [Untitled_C_3] welcome to THE LABYRINTH
[2020.01.20-20.07.08:996][437]LogBlueprintUserMessages: Early EndPlayMap Detection: Level '/Game/Untitled.Untitled:PersistentLevel' has LevelScriptBlueprint '/Game/Untitled.Untitled:PersistentLevel.Untitled' with GeneratedClass '/Game/Untitled.Untitled_C' with ClassGeneratedBy '/Game/Untitled.Untitled:PersistentLevel.Untitled'
[2020.01.20-20.07.09:064][437]LogBlueprintUserMessages: Late EndPlayMap Detection: Level '/Game/Untitled.Untitled:PersistentLevel' has LevelScriptBlueprint '/Game/Untitled.Untitled:PersistentLevel.Untitled' with GeneratedClass '/Game/Untitled.Untitled_C' with ClassGeneratedBy '/Game/Untitled.Untitled:PersistentLevel.Untitled'
[2020.01.20-20.07.13:841][530]LogSlate: FSceneViewport::OnFocusLost() reason 2
[2020.01.20-20.07.32:862][858]LogTemp: Repeating last play command: Selected Viewport
[2020.01.20-20.07.32:913][858]LogBlueprintUserMessages: Early PlayInEditor Detection: Level '/Game/Untitled.Untitled:PersistentLevel' has LevelScriptBlueprint '/Game/Untitled.Untitled:PersistentLevel.Untitled' with GeneratedClass '/Game/Untitled.Untitled_C' with ClassGeneratedBy '/Game/Untitled.Untitled:PersistentLevel.Untitled'
[2020.01.20-20.07.32:914][858]BlueprintLog: New page: Pre-Play auto-recompile
[2020.01.20-20.07.32:928][858]LogPlayLevel: [PlayLevel] Compiling Untitled before play...
[2020.01.20-20.07.32:942][858]LogUObjectGlobals: Destroyed PersistentFrame Addr=0x000001a305070400, Size=712
[2020.01.20-20.07.32:942][858]LogUObjectGlobals: Created PersistentFrame Addr=0x000001a3051cb400, Size=712, Default__Untitled_C Function /Engine/Transient.REINST_Untitled_C_37:ExecuteUbergraph_Untitled
[2020.01.20-20.07.32:948][858]LogUObjectGlobals: Created PersistentFrame Addr=0x000001a305072500, Size=712, Default__Untitled_C Function /Game/Untitled.Untitled_C:ExecuteUbergraph_Untitled
[2020.01.20-20.07.33:118][858]LogUObjectGlobals: Destroyed PersistentFrame Addr=0x000001a3051cb400, Size=712
[2020.01.20-20.07.33:119][858]LogPlayLevel: PlayLevel: Blueprint regeneration took 205 ms (1 blueprints)
[2020.01.20-20.07.33:119][858]PIE: New page: PIE session: Untitled (20 sty 2020, 20:07:33)
[2020.01.20-20.07.33:119][858]LogPlayLevel: Creating play world package: /Game/UEDPIE_0_Untitled
[2020.01.20-20.07.33:123][858]LogPlayLevel: PIE: StaticDuplicateObject took: (0.003847s)
[2020.01.20-20.07.33:124][858]LogAIModule: Creating AISystem for world Untitled
[2020.01.20-20.07.33:124][858]LogPlayLevel: PIE: World Init took: (0.001028s)
[2020.01.20-20.07.33:124][858]LogPlayLevel: PIE: Created PIE world by copying editor world from /Game/Untitled.Untitled to /Game/UEDPIE_0_Untitled.Untitled (0.005108s)
[2020.01.20-20.07.33:158][858]LogInit: XAudio2 using 'Speakers (Realtek High Definition Audio(SST))' : 2 channels at 48 kHz using 32 bits per sample (channel mask 0x3)
[2020.01.20-20.07.33:186][858]LogInit: FAudioDevice initialized.
[2020.01.20-20.07.33:224][858]LogLoad: Game class is 'GameModeBase'
[2020.01.20-20.07.33:226][858]LogWorld: Bringing World /Game/UEDPIE_0_Untitled.Untitled up for play (max tick rate 60) at 2020.01.20-20.07.33
[2020.01.20-20.07.33:226][858]LogWorld: Bringing up level for play took: 0.001142
[2020.01.20-20.07.33:228][858]PIE: Play in editor start time for /Game/UEDPIE_0_Untitled 1,264
[2020.01.20-20.07.33:228][858]LogBlueprintUserMessages: Late PlayInEditor Detection: Level '/Game/Untitled.Untitled:PersistentLevel' has LevelScriptBlueprint '/Game/Untitled.Untitled:PersistentLevel.Untitled' with GeneratedClass '/Game/Untitled.Untitled_C' with ClassGeneratedBy '/Game/Untitled.Untitled:PersistentLevel.Untitled'
[2020.01.20-20.07.33:424][859]LogBlueprintUserMessages: [Untitled_C_4] yes hello
[2020.01.20-20.07.35:445][915]LogBlueprintUserMessages: [Untitled_C_4] welcome to THE LABYRINTH
[2020.01.20-20.07.45:018][180]LogBlueprintUserMessages: Early EndPlayMap Detection: Level '/Game/Untitled.Untitled:PersistentLevel' has LevelScriptBlueprint '/Game/Untitled.Untitled:PersistentLevel.Untitled' with GeneratedClass '/Game/Untitled.Untitled_C' with ClassGeneratedBy '/Game/Untitled.Untitled:PersistentLevel.Untitled'
[2020.01.20-20.07.45:112][180]LogBlueprintUserMessages: Late EndPlayMap Detection: Level '/Game/Untitled.Untitled:PersistentLevel' has LevelScriptBlueprint '/Game/Untitled.Untitled:PersistentLevel.Untitled' with GeneratedClass '/Game/Untitled.Untitled_C' with ClassGeneratedBy '/Game/Untitled.Untitled:PersistentLevel.Untitled'
[2020.01.20-20.07.46:718][215]LogSlate: FSceneViewport::OnFocusLost() reason 0
[2020.01.20-20.07.53:926][335]Cmd: STAT FPS
[2020.01.20-20.08.06:795][577]Cmd: OBJ SAVEPACKAGE PACKAGE="/Game/Untitled" FILE="../../../../../../Users/Zofia Gmur/Documents/labyrinth-game-unity/LabyrinthGame/Content/Untitled.umap" SILENT=true AUTOSAVING=false KEEPDIRTY=false
[2020.01.20-20.08.06:843][577]LogUObjectGlobals: Destroyed PersistentFrame Addr=0x000001a305072500, Size=712
[2020.01.20-20.08.06:844][577]LogUObjectGlobals: Created PersistentFrame Addr=0x000001a28336f100, Size=712, Default__Untitled_C Function /Engine/Transient.REINST_Untitled_C_41:ExecuteUbergraph_Untitled
[2020.01.20-20.08.06:848][577]LogUObjectGlobals: Created PersistentFrame Addr=0x000001a2faf4d600, Size=712, Default__Untitled_C Function /Game/Untitled.Untitled_C:ExecuteUbergraph_Untitled
[2020.01.20-20.08.07:055][577]LogSavePackage: Save=226.19ms
[2020.01.20-20.08.07:056][577]LogSavePackage: Moving '../../../../../../Users/Zofia Gmur/Documents/labyrinth-game-unity/LabyrinthGame/Saved/UntitledAE0B8E41437967CAB5D667BB76B1C6B8.tmp' to '../../../../../../Users/Zofia Gmur/Documents/labyrinth-game-unity/LabyrinthGame/Content/Untitled.umap'
[2020.01.20-20.08.07:060][577]LogSavePackage: Display: Finished SavePackage ../../../../../../Users/Zofia Gmur/Documents/labyrinth-game-unity/LabyrinthGame/Content/Untitled.umap
[2020.01.20-20.08.07:099][577]LogFileHelpers: Saving map 'Untitled' took 0.434
[2020.01.20-20.08.48:220][928]LogSlate: Window 'Untitled - Level Blueprint Editor' being destroyed
[2020.01.20-20.08.48:267][928]LogSlate: Window 'Untitled - Level Blueprint Editor' being destroyed
[2020.01.20-20.08.59:380][167]LogSlate: Window 'Untitled - Level Blueprint Editor' being destroyed
[2020.01.20-20.08.59:439][167]LogSlate: Window 'Untitled - Level Blueprint Editor' being destroyed
[2020.01.20-20.09.04:350][294]Cmd: OBJ SAVEPACKAGE PACKAGE="/Game/Untitled" FILE="../../../../../../Users/Zofia Gmur/Documents/labyrinth-game-unity/LabyrinthGame/Content/Untitled.umap" SILENT=true AUTOSAVING=false KEEPDIRTY=false
[2020.01.20-20.09.04:410][294]LogUObjectGlobals: Destroyed PersistentFrame Addr=0x000001a28336f100, Size=712
[2020.01.20-20.09.04:431][294]LogUObjectGlobals: Destroyed PersistentFrame Addr=0x000001a2faf4d600, Size=712
[2020.01.20-20.09.04:431][294]LogUObjectGlobals: Created PersistentFrame Addr=0x000001a283490700, Size=712, Default__Untitled_C Function /Engine/Transient.REINST_Untitled_C_45:ExecuteUbergraph_Untitled
[2020.01.20-20.09.04:436][294]LogUObjectGlobals: Created PersistentFrame Addr=0x000001a282833100, Size=712, Default__Untitled_C Function /Game/Untitled.Untitled_C:ExecuteUbergraph_Untitled
[2020.01.20-20.09.04:629][294]LogSavePackage: Save=214.47ms
[2020.01.20-20.09.04:629][294]LogSavePackage: Moving '../../../../../../Users/Zofia Gmur/Documents/labyrinth-game-unity/LabyrinthGame/Saved/UntitledC9168C22486BAC914501F5892541FFF8.tmp' to '../../../../../../Users/Zofia Gmur/Documents/labyrinth-game-unity/LabyrinthGame/Content/Untitled.umap'
[2020.01.20-20.09.04:633][294]LogSavePackage: Display: Finished SavePackage ../../../../../../Users/Zofia Gmur/Documents/labyrinth-game-unity/LabyrinthGame/Content/Untitled.umap
[2020.01.20-20.09.04:677][294]Cmd: OBJ SAVEPACKAGE PACKAGE="/Game/Untitled_BuiltData" FILE="../../../../../../Users/Zofia Gmur/Documents/labyrinth-game-unity/LabyrinthGame/Content/Untitled_BuiltData.uasset" SILENT=true
[2020.01.20-20.09.04:734][294]LogSavePackage: Save=44.60ms
[2020.01.20-20.09.04:734][294]LogSavePackage: Moving '../../../../../../Users/Zofia Gmur/Documents/labyrinth-game-unity/LabyrinthGame/Saved/Untitled_BuiltData9CF360D8459DD4F3883C2C9BA642D678.tmp' to '../../../../../../Users/Zofia Gmur/Documents/labyrinth-game-unity/LabyrinthGame/Content/Untitled_BuiltData.uasset'
[2020.01.20-20.09.04:736][294]LogSavePackage: Display: Finished SavePackage ../../../../../../Users/Zofia Gmur/Documents/labyrinth-game-unity/LabyrinthGame/Content/Untitled_BuiltData.uasset
[2020.01.20-20.09.20:291][643]LogUObjectGlobals: Created PersistentFrame Addr=0x000001a293758b80, Size=872, Default__Labyrinth_C Function /Game/Labyrinth.Labyrinth_C:ExecuteUbergraph_Labyrinth
[2020.01.20-20.09.20:302][643]LogUObjectGlobals: Destroyed PersistentFrame Addr=0x000001a293758b80, Size=872
[2020.01.20-20.09.20:302][643]LogUObjectGlobals: Created PersistentFrame Addr=0x000001a2cd95e080, Size=872, Default__Labyrinth_C Function /Engine/Transient.REINST_Labyrinth_C_47:ExecuteUbergraph_Labyrinth
[2020.01.20-20.09.20:311][643]LogUObjectGlobals: Created PersistentFrame Addr=0x000001a28fdff200, Size=872, Default__Labyrinth_C Function /Game/Labyrinth.Labyrinth_C:ExecuteUbergraph_Labyrinth
[2020.01.20-20.09.20:346][643]LogAIModule: Creating AISystem for world Labyrinth
[2020.01.20-20.09.22:709][699]LogUObjectGlobals: Destroyed PersistentFrame Addr=0x000001a2cd95e080, Size=872
[2020.01.20-20.09.22:709][699]LogUObjectGlobals: Destroyed PersistentFrame Addr=0x000001a283490700, Size=712
[2020.01.20-20.09.22:715][699]Cmd: MAP LOAD FILE="../../../../../../Users/Zofia Gmur/Documents/labyrinth-game-unity/LabyrinthGame/Content/Labyrinth.umap" TEMPLATE=0 SHOWPROGRESS=1 FEATURELEVEL=3
[2020.01.20-20.09.22:715][699]LightingResults: New page: Lighting Build
[2020.01.20-20.09.22:718][699]LoadErrors: New page: Loading map: Labyrinth.umap
[2020.01.20-20.09.22:719][699]MapCheck: New page: Map Check
[2020.01.20-20.09.22:719][699]LightingResults: New page: Lighting Build
[2020.01.20-20.09.22:752][699]LogUObjectGlobals: Destroyed PersistentFrame Addr=0x000001a282833100, Size=712
[2020.01.20-20.09.22:757][699]LogEditorServer: Finished looking for orphan Actors (0.000 secs)
[2020.01.20-20.09.22:845][699]Cmd: MAP CHECKDEP NOCLEARLOG
[2020.01.20-20.09.22:959][699]MapCheck: Map check complete: 0 Error(s), 0 Warning(s), took 114,055ms to complete.
[2020.01.20-20.09.22:961][699]LogFileHelpers: Loading map 'Labyrinth' took 0.250
[2020.01.20-20.09.37:751][988]LogSlate: Window 'Labyrinth - Level Blueprint Editor' being destroyed
[2020.01.20-20.09.37:828][988]LogSlate: Window 'Labyrinth - Level Blueprint Editor' being destroyed
[2020.01.20-20.09.40:306][ 46]LogUObjectGlobals: Created PersistentFrame Addr=0x000001a2cecadf00, Size=712, Default__Untitled_C Function /Game/Untitled.Untitled_C:ExecuteUbergraph_Untitled
[2020.01.20-20.09.40:311][ 46]LogUObjectGlobals: Destroyed PersistentFrame Addr=0x000001a2cecadf00, Size=712
[2020.01.20-20.09.40:311][ 46]LogUObjectGlobals: Created PersistentFrame Addr=0x000001a2cecadf00, Size=712, Default__Untitled_C Function /Engine/Transient.REINST_Untitled_C_49:ExecuteUbergraph_Untitled
[2020.01.20-20.09.40:316][ 46]LogUObjectGlobals: Created PersistentFrame Addr=0x000001a292b9d000, Size=712, Default__Untitled_C Function /Game/Untitled.Untitled_C:ExecuteUbergraph_Untitled
[2020.01.20-20.09.40:337][ 46]LogAIModule: Creating AISystem for world Untitled
[2020.01.20-20.09.40:403][ 46]LogUObjectGlobals: Destroyed PersistentFrame Addr=0x000001a2cecadf00, Size=712
[2020.01.20-20.09.40:405][ 46]Cmd: MAP LOAD FILE="../../../../../../Users/Zofia Gmur/Documents/labyrinth-game-unity/LabyrinthGame/Content/Untitled.umap" TEMPLATE=0 SHOWPROGRESS=1 FEATURELEVEL=3
[2020.01.20-20.09.40:405][ 46]LightingResults: New page: Lighting Build
[2020.01.20-20.09.40:406][ 46]LoadErrors: New page: Loading map: Untitled.umap
[2020.01.20-20.09.40:407][ 46]MapCheck: New page: Map Check
[2020.01.20-20.09.40:407][ 46]LightingResults: New page: Lighting Build
[2020.01.20-20.09.40:443][ 46]LogUObjectGlobals: Destroyed PersistentFrame Addr=0x000001a28fdff200, Size=872
[2020.01.20-20.09.40:449][ 46]LogEditorServer: Finished looking for orphan Actors (0.000 secs)
[2020.01.20-20.09.40:535][ 46]Cmd: MAP CHECKDEP NOCLEARLOG
[2020.01.20-20.09.40:631][ 46]MapCheck: Map check complete: 0 Error(s), 0 Warning(s), took 96,605ms to complete.
[2020.01.20-20.09.40:632][ 46]LogFileHelpers: Loading map 'Untitled' took 0.228
[2020.01.20-20.09.40:642][ 46]LoadErrors: Error: /Game/Untitled : Failed import for MapBuildDataRegistry /Game/Untitled_BuiltData.Untitled_BuiltData Referenced by export Level /Game/Untitled.Untitled:PersistentLevel
[2020.01.20-20.09.49:354][216]LogSlate: Window 'Untitled - Level Blueprint Editor' being destroyed
[2020.01.20-20.09.49:420][216]LogSlate: Window 'Untitled - Level Blueprint Editor' being destroyed
[2020.01.20-20.10.11:456][336]LogSlate: Window 'Delete Assets' being destroyed
[2020.01.20-20.10.17:012][479]LogUObjectGlobals: Created PersistentFrame Addr=0x000001a2f745d280, Size=872, Default__Labyrinth_C Function /Game/Labyrinth.Labyrinth_C:ExecuteUbergraph_Labyrinth
[2020.01.20-20.10.17:015][479]LogUObjectGlobals: Destroyed PersistentFrame Addr=0x000001a2f745d280, Size=872
[2020.01.20-20.10.17:015][479]LogUObjectGlobals: Created PersistentFrame Addr=0x000001a2f745d280, Size=872, Default__Labyrinth_C Function /Engine/Transient.REINST_Labyrinth_C_51:ExecuteUbergraph_Labyrinth
[2020.01.20-20.10.17:020][479]LogUObjectGlobals: Created PersistentFrame Addr=0x000001a283339280, Size=872, Default__Labyrinth_C Function /Game/Labyrinth.Labyrinth_C:ExecuteUbergraph_Labyrinth
[2020.01.20-20.10.17:038][479]LogAIModule: Creating AISystem for world Labyrinth
[2020.01.20-20.10.17:065][479]LogUObjectGlobals: Destroyed PersistentFrame Addr=0x000001a2f745d280, Size=872
[2020.01.20-20.10.17:066][479]Cmd: MAP LOAD FILE="../../../../../../Users/Zofia Gmur/Documents/labyrinth-game-unity/LabyrinthGame/Content/Labyrinth.umap" TEMPLATE=0 SHOWPROGRESS=1 FEATURELEVEL=3
[2020.01.20-20.10.17:066][479]LightingResults: New page: Lighting Build
[2020.01.20-20.10.17:067][479]LoadErrors: New page: Loading map: Labyrinth.umap
[2020.01.20-20.10.17:067][479]MapCheck: New page: Map Check
[2020.01.20-20.10.17:068][479]LightingResults: New page: Lighting Build
[2020.01.20-20.10.17:088][479]LogUObjectGlobals: Destroyed PersistentFrame Addr=0x000001a292b9d000, Size=712
[2020.01.20-20.10.17:092][479]LogEditorServer: Finished looking for orphan Actors (0.000 secs)
[2020.01.20-20.10.17:147][479]Cmd: MAP CHECKDEP NOCLEARLOG
[2020.01.20-20.10.17:211][479]MapCheck: Map check complete: 0 Error(s), 0 Warning(s), took 63,539ms to complete.
[2020.01.20-20.10.17:211][479]LogFileHelpers: Loading map 'Labyrinth' took 0.146
[2020.01.20-20.10.22:768][625]LogSlate: FSceneViewport::OnFocusLost() reason 0
[2020.01.20-20.10.22:874][628]LogTemp: Repeating last play command: Selected Viewport
[2020.01.20-20.10.22:914][628]LogBlueprintUserMessages: Early PlayInEditor Detection: Level '/Game/Labyrinth.Labyrinth:PersistentLevel' has LevelScriptBlueprint '/Game/Labyrinth.Labyrinth:PersistentLevel.Labyrinth' with GeneratedClass '/Game/Labyrinth.Labyrinth_C' with ClassGeneratedBy '/Game/Labyrinth.Labyrinth:PersistentLevel.Labyrinth'
[2020.01.20-20.10.22:915][628]LogPlayLevel: PlayLevel: No blueprints needed recompiling
[2020.01.20-20.10.22:915][628]PIE: New page: PIE session: Labyrinth (20 sty 2020, 20:10:22)
[2020.01.20-20.10.22:915][628]LogPlayLevel: Creating play world package: /Game/UEDPIE_0_Labyrinth
[2020.01.20-20.10.22:923][628]LogPlayLevel: PIE: StaticDuplicateObject took: (0.007815s)
[2020.01.20-20.10.22:926][628]LogAIModule: Creating AISystem for world Labyrinth
[2020.01.20-20.10.22:927][628]LogPlayLevel: PIE: World Init took: (0.003567s)
[2020.01.20-20.10.22:927][628]LogPlayLevel: PIE: Created PIE world by copying editor world from /Game/Labyrinth.Labyrinth to /Game/UEDPIE_0_Labyrinth.Labyrinth (0.011951s)
[2020.01.20-20.10.22:969][628]LogInit: XAudio2 using 'Speakers (Realtek High Definition Audio(SST))' : 2 channels at 48 kHz using 32 bits per sample (channel mask 0x3)
[2020.01.20-20.10.22:996][628]LogInit: FAudioDevice initialized.
[2020.01.20-20.10.23:028][628]LogLoad: Game class is 'GameModeBase'
[2020.01.20-20.10.23:030][628]LogWorld: Bringing World /Game/UEDPIE_0_Labyrinth.Labyrinth up for play (max tick rate 60) at 2020.01.20-20.10.23
[2020.01.20-20.10.23:030][628]LogWorld: Bringing up level for play took: 0.000906
[2020.01.20-20.10.23:031][628]PIE: Play in editor start time for /Game/UEDPIE_0_Labyrinth 1,067
[2020.01.20-20.10.23:032][628]LogBlueprintUserMessages: Late PlayInEditor Detection: Level '/Game/Labyrinth.Labyrinth:PersistentLevel' has LevelScriptBlueprint '/Game/Labyrinth.Labyrinth:PersistentLevel.Labyrinth' with GeneratedClass '/Game/Labyrinth.Labyrinth_C' with ClassGeneratedBy '/Game/Labyrinth.Labyrinth:PersistentLevel.Labyrinth'
[2020.01.20-20.10.35:202][  8]LogBlueprintUserMessages: Early EndPlayMap Detection: Level '/Game/Labyrinth.Labyrinth:PersistentLevel' has LevelScriptBlueprint '/Game/Labyrinth.Labyrinth:PersistentLevel.Labyrinth' with GeneratedClass '/Game/Labyrinth.Labyrinth_C' with ClassGeneratedBy '/Game/Labyrinth.Labyrinth:PersistentLevel.Labyrinth'
[2020.01.20-20.10.35:258][  8]LogBlueprintUserMessages: Late EndPlayMap Detection: Level '/Game/Labyrinth.Labyrinth:PersistentLevel' has LevelScriptBlueprint '/Game/Labyrinth.Labyrinth:PersistentLevel.Labyrinth' with GeneratedClass '/Game/Labyrinth.Labyrinth_C' with ClassGeneratedBy '/Game/Labyrinth.Labyrinth:PersistentLevel.Labyrinth'
[2020.01.20-20.10.38:733][ 90]LogSlate: FSceneViewport::OnFocusLost() reason 2
[2020.01.20-20.10.41:250][148]LogSlate: FSceneViewport::OnFocusLost() reason 2
[2020.01.20-20.11.15:209][777]LogSlate: FSceneViewport::OnFocusLost() reason 0
[2020.01.20-20.11.15:318][780]LogTemp: Repeating last play command: Selected Viewport
[2020.01.20-20.11.15:370][780]LogBlueprintUserMessages: Early PlayInEditor Detection: Level '/Game/Labyrinth.Labyrinth:PersistentLevel' has LevelScriptBlueprint '/Game/Labyrinth.Labyrinth:PersistentLevel.Labyrinth' with GeneratedClass '/Game/Labyrinth.Labyrinth_C' with ClassGeneratedBy '/Game/Labyrinth.Labyrinth:PersistentLevel.Labyrinth'
[2020.01.20-20.11.15:370][780]LogPlayLevel: PlayLevel: No blueprints needed recompiling
[2020.01.20-20.11.15:371][780]PIE: New page: PIE session: Labyrinth (20 sty 2020, 20:11:15)
[2020.01.20-20.11.15:371][780]LogPlayLevel: Creating play world package: /Game/UEDPIE_0_Labyrinth
[2020.01.20-20.11.15:381][780]LogPlayLevel: PIE: StaticDuplicateObject took: (0.009487s)
[2020.01.20-20.11.15:382][780]LogAIModule: Creating AISystem for world Labyrinth
[2020.01.20-20.11.15:382][780]LogPlayLevel: PIE: World Init took: (0.001451s)
[2020.01.20-20.11.15:382][780]LogPlayLevel: PIE: Created PIE world by copying editor world from /Game/Labyrinth.Labyrinth to /Game/UEDPIE_0_Labyrinth.Labyrinth (0.011306s)
[2020.01.20-20.11.15:437][780]LogInit: XAudio2 using 'Speakers (Realtek High Definition Audio(SST))' : 2 channels at 48 kHz using 32 bits per sample (channel mask 0x3)
[2020.01.20-20.11.15:472][780]LogInit: FAudioDevice initialized.
[2020.01.20-20.11.15:515][780]LogLoad: Game class is 'GameModeBase'
[2020.01.20-20.11.15:518][780]LogWorld: Bringing World /Game/UEDPIE_0_Labyrinth.Labyrinth up for play (max tick rate 60) at 2020.01.20-20.11.15
[2020.01.20-20.11.15:519][780]LogWorld: Bringing up level for play took: 0.002109
[2020.01.20-20.11.15:523][780]PIE: Play in editor start time for /Game/UEDPIE_0_Labyrinth -0,442
[2020.01.20-20.11.15:523][780]LogBlueprintUserMessages: Late PlayInEditor Detection: Level '/Game/Labyrinth.Labyrinth:PersistentLevel' has LevelScriptBlueprint '/Game/Labyrinth.Labyrinth:PersistentLevel.Labyrinth' with GeneratedClass '/Game/Labyrinth.Labyrinth_C' with ClassGeneratedBy '/Game/Labyrinth.Labyrinth:PersistentLevel.Labyrinth'
[2020.01.20-20.11.32:875][278]LogBlueprintUserMessages: Early EndPlayMap Detection: Level '/Game/Labyrinth.Labyrinth:PersistentLevel' has LevelScriptBlueprint '/Game/Labyrinth.Labyrinth:PersistentLevel.Labyrinth' with GeneratedClass '/Game/Labyrinth.Labyrinth_C' with ClassGeneratedBy '/Game/Labyrinth.Labyrinth:PersistentLevel.Labyrinth'
[2020.01.20-20.11.32:937][278]LogBlueprintUserMessages: Late EndPlayMap Detection: Level '/Game/Labyrinth.Labyrinth:PersistentLevel' has LevelScriptBlueprint '/Game/Labyrinth.Labyrinth:PersistentLevel.Labyrinth' with GeneratedClass '/Game/Labyrinth.Labyrinth_C' with ClassGeneratedBy '/Game/Labyrinth.Labyrinth:PersistentLevel.Labyrinth'
[2020.01.20-20.12.03:340][ 32]LogSlate: FSceneViewport::OnFocusLost() reason 2
[2020.01.20-20.12.17:156][282]Cmd: OBJ SAVEPACKAGE PACKAGE="/Game/Labyrinth" FILE="../../../../../../Users/Zofia Gmur/Documents/labyrinth-game-unity/LabyrinthGame/Content/Labyrinth.umap" SILENT=true AUTOSAVING=false KEEPDIRTY=false
[2020.01.20-20.12.17:220][282]LogUObjectGlobals: Destroyed PersistentFrame Addr=0x000001a283339280, Size=872
[2020.01.20-20.12.17:220][282]LogUObjectGlobals: Created PersistentFrame Addr=0x000001a28ff5d980, Size=872, Default__Labyrinth_C Function /Engine/Transient.REINST_Labyrinth_C_55:ExecuteUbergraph_Labyrinth
[2020.01.20-20.12.17:225][282]LogUObjectGlobals: Created PersistentFrame Addr=0x000001a28ff5d280, Size=872, Default__Labyrinth_C Function /Game/Labyrinth.Labyrinth_C:ExecuteUbergraph_Labyrinth
[2020.01.20-20.12.17:417][282]LogSavePackage: Save=216.52ms
[2020.01.20-20.12.17:417][282]LogSavePackage: Moving '../../../../../../Users/Zofia Gmur/Documents/labyrinth-game-unity/LabyrinthGame/Saved/Labyrinth343EAF584F871D49E4F073BAB268FB2F.tmp' to '../../../../../../Users/Zofia Gmur/Documents/labyrinth-game-unity/LabyrinthGame/Content/Labyrinth.umap'
[2020.01.20-20.12.17:421][282]LogSavePackage: Display: Finished SavePackage ../../../../../../Users/Zofia Gmur/Documents/labyrinth-game-unity/LabyrinthGame/Content/Labyrinth.umap
[2020.01.20-20.12.17:458][282]LogFileHelpers: Saving map 'Labyrinth' took 0.431
[2020.01.20-20.12.19:568][323]LogSlate: FSceneViewport::OnFocusLost() reason 0
[2020.01.20-20.12.19:571][323]LogSlate: Window 'Labyrinth - Level Blueprint Editor' being destroyed
[2020.01.20-20.12.19:632][323]LogSlate: Window 'Labyrinth - Level Blueprint Editor' being destroyed
[2020.01.20-20.12.21:380][359]LogSlate: FSceneViewport::OnFocusLost() reason 2
[2020.01.20-20.12.31:944][627]LogSlate: FSceneViewport::OnFocusLost() reason 2
[2020.01.20-20.12.31:957][627]Cmd: OBJ SAVEPACKAGE PACKAGE="/Game/Labyrinth" FILE="../../../../../../Users/Zofia Gmur/Documents/labyrinth-game-unity/LabyrinthGame/Content/Labyrinth.umap" SILENT=true AUTOSAVING=false KEEPDIRTY=false
[2020.01.20-20.12.31:992][627]LogUObjectGlobals: Destroyed PersistentFrame Addr=0x000001a28ff5d980, Size=872
[2020.01.20-20.12.32:016][627]LogUObjectGlobals: Destroyed PersistentFrame Addr=0x000001a28ff5d280, Size=872
[2020.01.20-20.12.32:016][627]LogUObjectGlobals: Created PersistentFrame Addr=0x000001a2eba82e80, Size=872, Default__Labyrinth_C Function /Engine/Transient.REINST_Labyrinth_C_59:ExecuteUbergraph_Labyrinth
[2020.01.20-20.12.32:022][627]LogUObjectGlobals: Created PersistentFrame Addr=0x000001a28333ab00, Size=872, Default__Labyrinth_C Function /Game/Labyrinth.Labyrinth_C:ExecuteUbergraph_Labyrinth
[2020.01.20-20.12.32:225][627]LogSavePackage: Save=225.58ms
[2020.01.20-20.12.32:225][627]LogSavePackage: Moving '../../../../../../Users/Zofia Gmur/Documents/labyrinth-game-unity/LabyrinthGame/Saved/Labyrinth4835007147764EBD97466895EA233250.tmp' to '../../../../../../Users/Zofia Gmur/Documents/labyrinth-game-unity/LabyrinthGame/Content/Labyrinth.umap'
[2020.01.20-20.12.32:229][627]LogSavePackage: Display: Finished SavePackage ../../../../../../Users/Zofia Gmur/Documents/labyrinth-game-unity/LabyrinthGame/Content/Labyrinth.umap
[2020.01.20-20.12.32:273][627]Cmd: OBJ SAVEPACKAGE PACKAGE="/Game/Labyrinth_BuiltData" FILE="../../../../../../Users/Zofia Gmur/Documents/labyrinth-game-unity/LabyrinthGame/Content/Labyrinth_BuiltData.uasset" SILENT=true
[2020.01.20-20.12.32:326][627]LogSavePackage: Save=30.95ms
[2020.01.20-20.12.32:326][627]LogSavePackage: Moving '../../../../../../Users/Zofia Gmur/Documents/labyrinth-game-unity/LabyrinthGame/Saved/Labyrinth_BuiltData39C4BEAF46BAD59CE27BC2B8D959BAE3.tmp' to '../../../../../../Users/Zofia Gmur/Documents/labyrinth-game-unity/LabyrinthGame/Content/Labyrinth_BuiltData.uasset'
[2020.01.20-20.12.32:328][627]LogSavePackage: Display: Finished SavePackage ../../../../../../Users/Zofia Gmur/Documents/labyrinth-game-unity/LabyrinthGame/Content/Labyrinth_BuiltData.uasset
[2020.01.20-20.12.35:226][703]LogSlate: FSceneViewport::OnFocusLost() reason 0
[2020.01.20-20.12.36:971][745]LogUObjectGlobals: Created PersistentFrame Addr=0x000001a2e6435300, Size=712, Default__Untitled_C Function /Game/Untitled.Untitled_C:ExecuteUbergraph_Untitled
[2020.01.20-20.12.36:980][745]LogUObjectGlobals: Destroyed PersistentFrame Addr=0x000001a2e6435300, Size=712
[2020.01.20-20.12.36:980][745]LogUObjectGlobals: Created PersistentFrame Addr=0x000001a2e6435300, Size=712, Default__Untitled_C Function /Engine/Transient.REINST_Untitled_C_61:ExecuteUbergraph_Untitled
[2020.01.20-20.12.36:989][745]LogUObjectGlobals: Created PersistentFrame Addr=0x000001a2e4d76b00, Size=712, Default__Untitled_C Function /Game/Untitled.Untitled_C:ExecuteUbergraph_Untitled
[2020.01.20-20.12.37:015][745]LogAIModule: Creating AISystem for world Untitled
[2020.01.20-20.12.37:050][745]LogSlate: FSceneViewport::OnFocusLost() reason 2
[2020.01.20-20.12.37:053][745]LoadErrors: Error: /Game/Untitled : Failed import for MapBuildDataRegistry /Game/Untitled_BuiltData.Untitled_BuiltData Referenced by export Level /Game/Untitled.Untitled:PersistentLevel
[2020.01.20-20.12.44:814][936]LogUObjectGlobals: Destroyed PersistentFrame Addr=0x000001a2e6435300, Size=712
[2020.01.20-20.12.44:814][936]LogUObjectGlobals: Destroyed PersistentFrame Addr=0x000001a2eba82e80, Size=872
[2020.01.20-20.12.44:824][936]LogSlate: FSceneViewport::OnFocusLost() reason 2
[2020.01.20-20.12.48:186][936]LogSlate: Window 'Delete Assets' being destroyed
[2020.01.20-20.12.48:200][936]LogSlate: FSceneViewport::OnFocusLost() reason 2
[2020.01.20-20.12.48:229][936]LogSlate: FSceneViewport::OnFocusLost() reason 2
[2020.01.20-20.12.48:261][936]LogSlate: FSceneViewport::OnFocusLost() reason 2
[2020.01.20-20.12.48:287][936]LogUObjectGlobals: Destroyed PersistentFrame Addr=0x000001a2e4d76b00, Size=712
[2020.01.20-20.12.51:118][ 14]LogSlate: FSceneViewport::OnFocusLost() reason 0
[2020.01.20-20.12.51:348][ 18]Cmd: MAP LOAD FILE="../../../../../../Users/Zofia Gmur/Documents/labyrinth-game-unity/LabyrinthGame/Content/Labyrinth.umap" TEMPLATE=0 SHOWPROGRESS=1 FEATURELEVEL=3
[2020.01.20-20.12.51:348][ 18]LightingResults: New page: Lighting Build
[2020.01.20-20.12.51:349][ 18]LoadErrors: New page: Loading map: Labyrinth.umap
[2020.01.20-20.12.51:350][ 18]MapCheck: New page: Map Check
[2020.01.20-20.12.51:350][ 18]LightingResults: New page: Lighting Build
[2020.01.20-20.12.51:372][ 18]LogUObjectGlobals: Destroyed PersistentFrame Addr=0x000001a28333ab00, Size=872
[2020.01.20-20.12.51:385][ 18]LogUObjectGlobals: Created PersistentFrame Addr=0x000001a2d2b10480, Size=872, Default__Labyrinth_C Function /Game/Labyrinth.Labyrinth_C:ExecuteUbergraph_Labyrinth
[2020.01.20-20.12.51:388][ 18]LogUObjectGlobals: Destroyed PersistentFrame Addr=0x000001a2d2b10480, Size=872
[2020.01.20-20.12.51:388][ 18]LogUObjectGlobals: Created PersistentFrame Addr=0x000001a2d2b10480, Size=872, Default__Labyrinth_C Function /Engine/Transient.REINST_Labyrinth_C_63:ExecuteUbergraph_Labyrinth
[2020.01.20-20.12.51:392][ 18]LogUObjectGlobals: Created PersistentFrame Addr=0x000001a2d2b12400, Size=872, Default__Labyrinth_C Function /Game/Labyrinth.Labyrinth_C:ExecuteUbergraph_Labyrinth
[2020.01.20-20.12.51:416][ 18]LogAIModule: Creating AISystem for world Labyrinth
[2020.01.20-20.12.51:421][ 18]LogEditorServer: Finished looking for orphan Actors (0.000 secs)
[2020.01.20-20.12.51:450][ 18]LogUObjectGlobals: Destroyed PersistentFrame Addr=0x000001a2d2b10480, Size=872
[2020.01.20-20.12.51:482][ 18]Cmd: MAP CHECKDEP NOCLEARLOG
[2020.01.20-20.12.51:538][ 18]MapCheck: Map check complete: 0 Error(s), 0 Warning(s), took 55,718ms to complete.
[2020.01.20-20.12.51:539][ 18]LogFileHelpers: Loading map 'Labyrinth' took 0.191
[2020.01.20-20.12.53:555][ 71]LogSlate: FSceneViewport::OnFocusLost() reason 0
[2020.01.20-20.12.53:634][ 74]LogTemp: Repeating last play command: Selected Viewport
[2020.01.20-20.12.53:681][ 74]LogBlueprintUserMessages: Early PlayInEditor Detection: Level '/Game/Labyrinth.Labyrinth:PersistentLevel' has LevelScriptBlueprint '/Game/Labyrinth.Labyrinth:PersistentLevel.Labyrinth' with GeneratedClass '/Game/Labyrinth.Labyrinth_C' with ClassGeneratedBy '/Game/Labyrinth.Labyrinth:PersistentLevel.Labyrinth'
[2020.01.20-20.12.53:682][ 74]LogPlayLevel: PlayLevel: No blueprints needed recompiling
[2020.01.20-20.12.53:682][ 74]PIE: New page: PIE session: Labyrinth (20 sty 2020, 20:12:53)
[2020.01.20-20.12.53:682][ 74]LogPlayLevel: Creating play world package: /Game/UEDPIE_0_Labyrinth
[2020.01.20-20.12.53:693][ 74]LogPlayLevel: PIE: StaticDuplicateObject took: (0.010152s)
[2020.01.20-20.12.53:693][ 74]LogAIModule: Creating AISystem for world Labyrinth
[2020.01.20-20.12.53:694][ 74]LogPlayLevel: PIE: World Init took: (0.001029s)
[2020.01.20-20.12.53:694][ 74]LogPlayLevel: PIE: Created PIE world by copying editor world from /Game/Labyrinth.Labyrinth to /Game/UEDPIE_0_Labyrinth.Labyrinth (0.011481s)
[2020.01.20-20.12.53:735][ 74]LogInit: XAudio2 using 'Speakers (Realtek High Definition Audio(SST))' : 2 channels at 48 kHz using 32 bits per sample (channel mask 0x3)
[2020.01.20-20.12.53:760][ 74]LogInit: FAudioDevice initialized.
[2020.01.20-20.12.53:800][ 74]LogLoad: Game class is 'GameModeBase'
[2020.01.20-20.12.53:803][ 74]LogWorld: Bringing World /Game/UEDPIE_0_Labyrinth.Labyrinth up for play (max tick rate 60) at 2020.01.20-20.12.53
[2020.01.20-20.12.53:804][ 74]LogWorld: Bringing up level for play took: 0.001973
[2020.01.20-20.12.53:808][ 74]PIE: Play in editor start time for /Game/UEDPIE_0_Labyrinth -0,156
[2020.01.20-20.12.53:809][ 74]LogBlueprintUserMessages: Late PlayInEditor Detection: Level '/Game/Labyrinth.Labyrinth:PersistentLevel' has LevelScriptBlueprint '/Game/Labyrinth.Labyrinth:PersistentLevel.Labyrinth' with GeneratedClass '/Game/Labyrinth.Labyrinth_C' with ClassGeneratedBy '/Game/Labyrinth.Labyrinth:PersistentLevel.Labyrinth'
[2020.01.20-20.13.02:493][326]LogBlueprintUserMessages: Early EndPlayMap Detection: Level '/Game/Labyrinth.Labyrinth:PersistentLevel' has LevelScriptBlueprint '/Game/Labyrinth.Labyrinth:PersistentLevel.Labyrinth' with GeneratedClass '/Game/Labyrinth.Labyrinth_C' with ClassGeneratedBy '/Game/Labyrinth.Labyrinth:PersistentLevel.Labyrinth'
[2020.01.20-20.13.02:568][326]LogBlueprintUserMessages: Late EndPlayMap Detection: Level '/Game/Labyrinth.Labyrinth:PersistentLevel' has LevelScriptBlueprint '/Game/Labyrinth.Labyrinth:PersistentLevel.Labyrinth' with GeneratedClass '/Game/Labyrinth.Labyrinth_C' with ClassGeneratedBy '/Game/Labyrinth.Labyrinth:PersistentLevel.Labyrinth'
